The following modules were not unloaded:
  (Use "module --force purge" to unload all):

  1) NeSI/zen3
[2025-08-15 19:11:38.684] [info] Running: "polish" "/nesi/nobackup/brins03581/rootstock_2025/dorado_aligner/1103P_hap1_dorado_aligned_reads.bam" "/nesi/nobackup/brins03581/rootstock_2025/dgenies/purged_dup_filtered_dgenies/1103P_simplex_hap1_purged_dgenies.fa" "--ignore-read-groups" "--draft-batchsize" "1" "-v" "--regions" "h1tg000001l_1:100000-200000"
[2025-08-15 19:11:39.183] [info] Using CUDA devices:
[2025-08-15 19:11:39.183] [info] cuda:0 - NVIDIA H100 NVL
[2025-08-15 19:11:39.197] [debug] bam_info.uses_dorado_aligner = true
[2025-08-15 19:11:39.197] [debug] bam_info.has_dwells = false
[2025-08-15 19:11:39.197] [debug] bam_info.read_groups:
[2025-08-15 19:11:39.197] [debug]     - f64c4343d09389d5ea97bd80c10184eb0827e3dd_dna_r10.4.1_e8.2_400bps_sup@v5.0.0_3309
[2025-08-15 19:11:39.197] [debug]     - f64c4343d09389d5ea97bd80c10184eb0827e3dd_dna_r10.4.1_e8.2_400bps_sup@v5.0.0
[2025-08-15 19:11:39.197] [debug]     - f5242ed6ea93d85c4a7cd8fc9aaf3b2036ade8e7_dna_r10.4.1_e8.2_400bps_sup@v5.0.0_Pinot_Noir
[2025-08-15 19:11:39.197] [debug]     - f5242ed6ea93d85c4a7cd8fc9aaf3b2036ade8e7_dna_r10.4.1_e8.2_400bps_sup@v5.0.0_Chenin_Blanc
[2025-08-15 19:11:39.197] [debug]     - f5242ed6ea93d85c4a7cd8fc9aaf3b2036ade8e7_dna_r10.4.1_e8.2_400bps_sup@v5.0.0_Chardonnay
[2025-08-15 19:11:39.197] [debug]     - 8dfa6d1e4c57dc38afd7588cf1e13e27219ee741_dna_r10.4.1_e8.2_400bps_sup@v5.0.0
[2025-08-15 19:11:39.197] [debug]     - 37f333daa78dbdcf0e780b029dd11ba3bc83c8b1_dna_r10.4.1_e8.2_400bps_sup@v5.0.0_1103P
[2025-08-15 19:11:39.197] [debug]     - 2451c1996d21b4c45a02e3894ffa32ea5453ac73_dna_r10.4.1_e8.2_400bps_sup@v5.0.0_Pinot_Noir
[2025-08-15 19:11:39.197] [debug]     - 37f333daa78dbdcf0e780b029dd11ba3bc83c8b1_dna_r10.4.1_e8.2_400bps_sup@v5.0.0
[2025-08-15 19:11:39.197] [debug]     - 37f333daa78dbdcf0e780b029dd11ba3bc83c8b1_dna_r10.4.1_e8.2_400bps_sup@v5.0.0_3309
[2025-08-15 19:11:39.197] [debug]     - eed36dce3c94e1ecc150a0f088ddf4e31238f7f2_dna_r10.4.1_e8.2_400bps_sup@v5.0.0_Chenin_Blanc
[2025-08-15 19:11:39.197] [debug]     - 2451c1996d21b4c45a02e3894ffa32ea5453ac73_dna_r10.4.1_e8.2_400bps_sup@v5.0.0_Chenin_Blanc
[2025-08-15 19:11:39.197] [debug]     - 2451c1996d21b4c45a02e3894ffa32ea5453ac73_dna_r10.4.1_e8.2_400bps_sup@v5.0.0_3309
[2025-08-15 19:11:39.197] [debug]     - 8dfa6d1e4c57dc38afd7588cf1e13e27219ee741_dna_r10.4.1_e8.2_400bps_sup@v5.0.0_1103P
[2025-08-15 19:11:39.197] [debug]     - 2451c1996d21b4c45a02e3894ffa32ea5453ac73_dna_r10.4.1_e8.2_400bps_sup@v5.0.0
[2025-08-15 19:11:39.197] [debug]     - add78fda19e90f30ecd222886068fdccd726fb39_dna_r10.4.1_e8.2_400bps_sup@v5.0.0
[2025-08-15 19:11:39.197] [debug]     - 37f333daa78dbdcf0e780b029dd11ba3bc83c8b1_dna_r10.4.1_e8.2_400bps_sup@v5.0.0_Chenin_Blanc
[2025-08-15 19:11:39.197] [debug]     - 8dfa6d1e4c57dc38afd7588cf1e13e27219ee741_dna_r10.4.1_e8.2_400bps_sup@v5.0.0_3309
[2025-08-15 19:11:39.197] [debug]     - 2451c1996d21b4c45a02e3894ffa32ea5453ac73_dna_r10.4.1_e8.2_400bps_sup@v5.0.0_Chardonnay
[2025-08-15 19:11:39.197] [debug]     - 2451c1996d21b4c45a02e3894ffa32ea5453ac73_dna_r10.4.1_e8.2_400bps_sup@v5.0.0_1103P
[2025-08-15 19:11:39.197] [debug]     - 8dfa6d1e4c57dc38afd7588cf1e13e27219ee741_dna_r10.4.1_e8.2_400bps_sup@v5.0.0_Chenin_Blanc
[2025-08-15 19:11:39.197] [debug]     - f5242ed6ea93d85c4a7cd8fc9aaf3b2036ade8e7_dna_r10.4.1_e8.2_400bps_sup@v5.0.0_3309
[2025-08-15 19:11:39.197] [debug]     - 8dfa6d1e4c57dc38afd7588cf1e13e27219ee741_dna_r10.4.1_e8.2_400bps_sup@v5.0.0_Pinot_Noir
[2025-08-15 19:11:39.197] [debug]     - add78fda19e90f30ecd222886068fdccd726fb39_dna_r10.4.1_e8.2_400bps_sup@v5.0.0_1103P
[2025-08-15 19:11:39.197] [debug]     - add78fda19e90f30ecd222886068fdccd726fb39_dna_r10.4.1_e8.2_400bps_sup@v5.0.0_3309
[2025-08-15 19:11:39.197] [debug]     - eed36dce3c94e1ecc150a0f088ddf4e31238f7f2_dna_r10.4.1_e8.2_400bps_sup@v5.0.0
[2025-08-15 19:11:39.197] [debug]     - eed36dce3c94e1ecc150a0f088ddf4e31238f7f2_dna_r10.4.1_e8.2_400bps_sup@v5.0.0_1103P
[2025-08-15 19:11:39.197] [debug]     - 37f333daa78dbdcf0e780b029dd11ba3bc83c8b1_dna_r10.4.1_e8.2_400bps_sup@v5.0.0_Chardonnay
[2025-08-15 19:11:39.197] [debug]     - eed36dce3c94e1ecc150a0f088ddf4e31238f7f2_dna_r10.4.1_e8.2_400bps_sup@v5.0.0_3309
[2025-08-15 19:11:39.197] [debug]     - eed36dce3c94e1ecc150a0f088ddf4e31238f7f2_dna_r10.4.1_e8.2_400bps_sup@v5.0.0_Chardonnay
[2025-08-15 19:11:39.197] [debug]     - eed36dce3c94e1ecc150a0f088ddf4e31238f7f2_dna_r10.4.1_e8.2_400bps_sup@v5.0.0_Pinot_Noir
[2025-08-15 19:11:39.197] [debug]     - f64c4343d09389d5ea97bd80c10184eb0827e3dd_dna_r10.4.1_e8.2_400bps_sup@v5.0.0_1103P
[2025-08-15 19:11:39.197] [debug]     - 37f333daa78dbdcf0e780b029dd11ba3bc83c8b1_dna_r10.4.1_e8.2_400bps_sup@v5.0.0_Pinot_Noir
[2025-08-15 19:11:39.197] [debug]     - 8dfa6d1e4c57dc38afd7588cf1e13e27219ee741_dna_r10.4.1_e8.2_400bps_sup@v5.0.0_Chardonnay
[2025-08-15 19:11:39.197] [debug]     - f5242ed6ea93d85c4a7cd8fc9aaf3b2036ade8e7_dna_r10.4.1_e8.2_400bps_sup@v5.0.0
[2025-08-15 19:11:39.197] [debug]     - f5242ed6ea93d85c4a7cd8fc9aaf3b2036ade8e7_dna_r10.4.1_e8.2_400bps_sup@v5.0.0_1103P
[2025-08-15 19:11:39.197] [debug] bam_info.basecaller_models:
[2025-08-15 19:11:39.197] [debug]     - dna_r10.4.1_e8.2_400bps_sup@v5.0.0
[2025-08-15 19:11:39.202] [info] Input data does not contain move tables.
[2025-08-15 19:11:39.202] [info] Auto resolving the model.
[2025-08-15 19:11:39.202] [debug] Resolved model from input data: dna_r10.4.1_e8.2_400bps_sup@v5.0.0_polish_rl
[2025-08-15 19:11:39.202] [info] Downloading model: 'dna_r10.4.1_e8.2_400bps_sup@v5.0.0_polish_rl'
[2025-08-15 19:11:39.211] [warning] Unknown certs location for current distribution. If you hit download issues, use the envvar `SSL_CERT_FILE` to specify the location manually.
[2025-08-15 19:11:39.212] [info]  - downloading dna_r10.4.1_e8.2_400bps_sup@v5.0.0_polish_rl with httplib
[2025-08-15 19:11:40.027] [info] Parsing the model config: /nesi/nobackup/brins03581/rootstock_2025/script/.temp_dorado_model-18430f26a3f2fc43/dna_r10.4.1_e8.2_400bps_sup@v5.0.0_polish_rl/config.toml
[2025-08-15 19:11:40.028] [info] Initializing the devices.
[2025-08-15 19:11:40.028] [debug] Parsing CUDA device string.
[2025-08-15 19:11:40.028] [debug] [create_resources] Loading the model.
[2025-08-15 19:11:40.038] [debug] [create_resources] Creating a model from the config.
[2025-08-15 19:11:40.038] [debug] Constructing a LATENT_SPACE_LSTM model.
[2025-08-15 19:11:40.088] [debug] [model_params] w.key() = base_embedder.weight
[2025-08-15 19:11:40.088] [debug] [model_params] w.key() = strand_embedder.weight
[2025-08-15 19:11:40.088] [debug] [model_params] w.key() = read_level_conv.expansion_layer.weight
[2025-08-15 19:11:40.088] [debug] [model_params] w.key() = read_level_conv.expansion_layer.bias
[2025-08-15 19:11:40.088] [debug] [model_params] w.key() = read_level_conv.convs.0.weight
[2025-08-15 19:11:40.088] [debug] [model_params] w.key() = read_level_conv.convs.0.bias
[2025-08-15 19:11:40.088] [debug] [model_params] w.key() = read_level_conv.convs.2.weight
[2025-08-15 19:11:40.088] [debug] [model_params] w.key() = read_level_conv.convs.2.bias
[2025-08-15 19:11:40.088] [debug] [model_params] w.key() = read_level_conv.convs.3.weight
[2025-08-15 19:11:40.088] [debug] [model_params] w.key() = read_level_conv.convs.3.bias
[2025-08-15 19:11:40.088] [debug] [model_params] w.key() = read_level_conv.convs.5.weight
[2025-08-15 19:11:40.088] [debug] [model_params] w.key() = read_level_conv.convs.5.bias
[2025-08-15 19:11:40.088] [debug] [model_params] w.key() = pre_pool_expansion_layer.weight
[2025-08-15 19:11:40.088] [debug] [model_params] w.key() = pre_pool_expansion_layer.bias
[2025-08-15 19:11:40.088] [debug] [model_params] w.key() = lstm.0.lstm.weight_ih_l0
[2025-08-15 19:11:40.088] [debug] [model_params] w.key() = lstm.0.lstm.weight_hh_l0
[2025-08-15 19:11:40.088] [debug] [model_params] w.key() = lstm.0.lstm.bias_ih_l0
[2025-08-15 19:11:40.088] [debug] [model_params] w.key() = lstm.0.lstm.bias_hh_l0
[2025-08-15 19:11:40.088] [debug] [model_params] w.key() = lstm.1.lstm.weight_ih_l0
[2025-08-15 19:11:40.088] [debug] [model_params] w.key() = lstm.1.lstm.weight_hh_l0
[2025-08-15 19:11:40.088] [debug] [model_params] w.key() = lstm.1.lstm.bias_ih_l0
[2025-08-15 19:11:40.088] [debug] [model_params] w.key() = lstm.1.lstm.bias_hh_l0
[2025-08-15 19:11:40.088] [debug] [model_params] w.key() = lstm.2.lstm.weight_ih_l0
[2025-08-15 19:11:40.088] [debug] [model_params] w.key() = lstm.2.lstm.weight_hh_l0
[2025-08-15 19:11:40.088] [debug] [model_params] w.key() = lstm.2.lstm.bias_ih_l0
[2025-08-15 19:11:40.088] [debug] [model_params] w.key() = lstm.2.lstm.bias_hh_l0
[2025-08-15 19:11:40.088] [debug] [model_params] w.key() = lstm.3.lstm.weight_ih_l0
[2025-08-15 19:11:40.088] [debug] [model_params] w.key() = lstm.3.lstm.weight_hh_l0
[2025-08-15 19:11:40.088] [debug] [model_params] w.key() = lstm.3.lstm.bias_ih_l0
[2025-08-15 19:11:40.088] [debug] [model_params] w.key() = lstm.3.lstm.bias_hh_l0
[2025-08-15 19:11:40.088] [debug] [model_params] w.key() = linear.weight
[2025-08-15 19:11:40.088] [debug] [model_params] w.key() = linear.bias
[2025-08-15 19:11:40.088] [debug] [model_params] Buffer key: read_level_conv.convs.2.running_mean, shape: 64
[2025-08-15 19:11:40.088] [debug] [model_params] Buffer key: read_level_conv.convs.2.running_var, shape: 64
[2025-08-15 19:11:40.088] [debug] [model_params] Buffer key: read_level_conv.convs.2.num_batches_tracked, shape: 
[2025-08-15 19:11:40.088] [debug] [model_params] Buffer key: read_level_conv.convs.5.running_mean, shape: 64
[2025-08-15 19:11:40.088] [debug] [model_params] Buffer key: read_level_conv.convs.5.running_var, shape: 64
[2025-08-15 19:11:40.088] [debug] [model_params] Buffer key: read_level_conv.convs.5.num_batches_tracked, shape: 
[2025-08-15 19:11:40.127] [debug] [pt_param] w.key() = base_embedder.weight
[2025-08-15 19:11:40.127] [debug] [pt_param] w.key() = strand_embedder.weight
[2025-08-15 19:11:40.127] [debug] [pt_param] w.key() = read_level_conv.convs.0.weight
[2025-08-15 19:11:40.127] [debug] [pt_param] w.key() = read_level_conv.convs.0.bias
[2025-08-15 19:11:40.127] [debug] [pt_param] w.key() = read_level_conv.convs.2.weight
[2025-08-15 19:11:40.127] [debug] [pt_param] w.key() = read_level_conv.convs.2.bias
[2025-08-15 19:11:40.127] [debug] [pt_param] w.key() = read_level_conv.convs.2.running_mean
[2025-08-15 19:11:40.127] [debug] [pt_param] w.key() = read_level_conv.convs.2.running_var
[2025-08-15 19:11:40.127] [debug] [pt_param] w.key() = read_level_conv.convs.2.num_batches_tracked
[2025-08-15 19:11:40.127] [debug] [pt_param] w.key() = read_level_conv.convs.3.weight
[2025-08-15 19:11:40.127] [debug] [pt_param] w.key() = read_level_conv.convs.3.bias
[2025-08-15 19:11:40.127] [debug] [pt_param] w.key() = read_level_conv.convs.5.weight
[2025-08-15 19:11:40.127] [debug] [pt_param] w.key() = read_level_conv.convs.5.bias
[2025-08-15 19:11:40.127] [debug] [pt_param] w.key() = read_level_conv.convs.5.running_mean
[2025-08-15 19:11:40.127] [debug] [pt_param] w.key() = read_level_conv.convs.5.running_var
[2025-08-15 19:11:40.127] [debug] [pt_param] w.key() = read_level_conv.convs.5.num_batches_tracked
[2025-08-15 19:11:40.127] [debug] [pt_param] w.key() = read_level_conv.expansion_layer.weight
[2025-08-15 19:11:40.127] [debug] [pt_param] w.key() = read_level_conv.expansion_layer.bias
[2025-08-15 19:11:40.127] [debug] [pt_param] w.key() = pre_pool_expansion_layer.weight
[2025-08-15 19:11:40.127] [debug] [pt_param] w.key() = pre_pool_expansion_layer.bias
[2025-08-15 19:11:40.127] [debug] [pt_param] w.key() = lstm.0.lstm.weight_ih_l0
[2025-08-15 19:11:40.127] [debug] [pt_param] w.key() = lstm.0.lstm.weight_hh_l0
[2025-08-15 19:11:40.127] [debug] [pt_param] w.key() = lstm.0.lstm.bias_ih_l0
[2025-08-15 19:11:40.127] [debug] [pt_param] w.key() = lstm.0.lstm.bias_hh_l0
[2025-08-15 19:11:40.127] [debug] [pt_param] w.key() = lstm.1.lstm.weight_ih_l0
[2025-08-15 19:11:40.127] [debug] [pt_param] w.key() = lstm.1.lstm.weight_hh_l0
[2025-08-15 19:11:40.127] [debug] [pt_param] w.key() = lstm.1.lstm.bias_ih_l0
[2025-08-15 19:11:40.127] [debug] [pt_param] w.key() = lstm.1.lstm.bias_hh_l0
[2025-08-15 19:11:40.127] [debug] [pt_param] w.key() = lstm.2.lstm.weight_ih_l0
[2025-08-15 19:11:40.127] [debug] [pt_param] w.key() = lstm.2.lstm.weight_hh_l0
[2025-08-15 19:11:40.127] [debug] [pt_param] w.key() = lstm.2.lstm.bias_ih_l0
[2025-08-15 19:11:40.127] [debug] [pt_param] w.key() = lstm.2.lstm.bias_hh_l0
[2025-08-15 19:11:40.127] [debug] [pt_param] w.key() = lstm.3.lstm.weight_ih_l0
[2025-08-15 19:11:40.127] [debug] [pt_param] w.key() = lstm.3.lstm.weight_hh_l0
[2025-08-15 19:11:40.127] [debug] [pt_param] w.key() = lstm.3.lstm.bias_ih_l0
[2025-08-15 19:11:40.127] [debug] [pt_param] w.key() = lstm.3.lstm.bias_hh_l0
[2025-08-15 19:11:40.127] [debug] [pt_param] w.key() = linear.weight
[2025-08-15 19:11:40.127] [debug] [pt_param] w.key() = linear.bias
[2025-08-15 19:11:40.128] [debug] [create_resources] About to load model to device 0: cuda:0
[2025-08-15 19:11:40.155] [debug] [create_resources] Converting the model to half.
[2025-08-15 19:11:40.163] [debug] [create_resources] Switching model to eval mode.
[2025-08-15 19:11:40.163] [info] Loaded model to device 0: cuda:0
[2025-08-15 19:11:40.163] [info] Loaded model to device 0: cuda:0
[2025-08-15 19:11:40.163] [info] Creating 336 encoders.
[2025-08-15 19:11:40.163] [debug] Haplotag source: UNPHASED
[2025-08-15 19:11:40.174] [debug] Haplotag source: UNPHASED
[2025-08-15 19:11:40.182] [debug] Haplotag source: UNPHASED
[2025-08-15 19:11:40.190] [debug] Haplotag source: UNPHASED
[2025-08-15 19:11:40.199] [debug] Haplotag source: UNPHASED
[2025-08-15 19:11:40.207] [debug] Haplotag source: UNPHASED
[2025-08-15 19:11:40.215] [debug] Haplotag source: UNPHASED
[2025-08-15 19:11:40.223] [debug] Haplotag source: UNPHASED
[2025-08-15 19:11:40.231] [debug] Haplotag source: UNPHASED
[2025-08-15 19:11:40.240] [debug] Haplotag source: UNPHASED
[2025-08-15 19:11:40.248] [debug] Haplotag source: UNPHASED
[2025-08-15 19:11:40.256] [debug] Haplotag source: UNPHASED
[2025-08-15 19:11:40.264] [debug] Haplotag source: UNPHASED
[2025-08-15 19:11:40.272] [debug] Haplotag source: UNPHASED
[2025-08-15 19:11:40.280] [debug] Haplotag source: UNPHASED
[2025-08-15 19:11:40.288] [debug] Haplotag source: UNPHASED
[2025-08-15 19:11:40.296] [debug] Haplotag source: UNPHASED
[2025-08-15 19:11:40.304] [debug] Haplotag source: UNPHASED
[2025-08-15 19:11:40.313] [debug] Haplotag source: UNPHASED
[2025-08-15 19:11:40.321] [debug] Haplotag source: UNPHASED
[2025-08-15 19:11:40.329] [debug] Haplotag source: UNPHASED
[2025-08-15 19:11:40.337] [debug] Haplotag source: UNPHASED
[2025-08-15 19:11:40.345] [debug] Haplotag source: UNPHASED
[2025-08-15 19:11:40.353] [debug] Haplotag source: UNPHASED
[2025-08-15 19:11:40.361] [debug] Haplotag source: UNPHASED
[2025-08-15 19:11:40.370] [debug] Haplotag source: UNPHASED
[2025-08-15 19:11:40.378] [debug] Haplotag source: UNPHASED
[2025-08-15 19:11:40.386] [debug] Haplotag source: UNPHASED
[2025-08-15 19:11:40.394] [debug] Haplotag source: UNPHASED
[2025-08-15 19:11:40.402] [debug] Haplotag source: UNPHASED
[2025-08-15 19:11:40.410] [debug] Haplotag source: UNPHASED
[2025-08-15 19:11:40.418] [debug] Haplotag source: UNPHASED
[2025-08-15 19:11:40.426] [debug] Haplotag source: UNPHASED
[2025-08-15 19:11:40.434] [debug] Haplotag source: UNPHASED
[2025-08-15 19:11:40.443] [debug] Haplotag source: UNPHASED
[2025-08-15 19:11:40.452] [debug] Haplotag source: UNPHASED
[2025-08-15 19:11:40.460] [debug] Haplotag source: UNPHASED
[2025-08-15 19:11:40.468] [debug] Haplotag source: UNPHASED
[2025-08-15 19:11:40.476] [debug] Haplotag source: UNPHASED
[2025-08-15 19:11:40.485] [debug] Haplotag source: UNPHASED
[2025-08-15 19:11:40.493] [debug] Haplotag source: UNPHASED
[2025-08-15 19:11:40.501] [debug] Haplotag source: UNPHASED
[2025-08-15 19:11:40.509] [debug] Haplotag source: UNPHASED
[2025-08-15 19:11:40.517] [debug] Haplotag source: UNPHASED
[2025-08-15 19:11:40.525] [debug] Haplotag source: UNPHASED
[2025-08-15 19:11:40.533] [debug] Haplotag source: UNPHASED
[2025-08-15 19:11:40.542] [debug] Haplotag source: UNPHASED
[2025-08-15 19:11:40.550] [debug] Haplotag source: UNPHASED
[2025-08-15 19:11:40.558] [debug] Haplotag source: UNPHASED
[2025-08-15 19:11:40.566] [debug] Haplotag source: UNPHASED
[2025-08-15 19:11:40.574] [debug] Haplotag source: UNPHASED
[2025-08-15 19:11:40.583] [debug] Haplotag source: UNPHASED
[2025-08-15 19:11:40.591] [debug] Haplotag source: UNPHASED
[2025-08-15 19:11:40.599] [debug] Haplotag source: UNPHASED
[2025-08-15 19:11:40.607] [debug] Haplotag source: UNPHASED
[2025-08-15 19:11:40.615] [debug] Haplotag source: UNPHASED
[2025-08-15 19:11:40.623] [debug] Haplotag source: UNPHASED
[2025-08-15 19:11:40.632] [debug] Haplotag source: UNPHASED
[2025-08-15 19:11:40.640] [debug] Haplotag source: UNPHASED
[2025-08-15 19:11:40.648] [debug] Haplotag source: UNPHASED
[2025-08-15 19:11:40.656] [debug] Haplotag source: UNPHASED
[2025-08-15 19:11:40.664] [debug] Haplotag source: UNPHASED
[2025-08-15 19:11:40.673] [debug] Haplotag source: UNPHASED
[2025-08-15 19:11:40.681] [debug] Haplotag source: UNPHASED
[2025-08-15 19:11:40.689] [debug] Haplotag source: UNPHASED
[2025-08-15 19:11:40.697] [debug] Haplotag source: UNPHASED
[2025-08-15 19:11:40.705] [debug] Haplotag source: UNPHASED
[2025-08-15 19:11:40.713] [debug] Haplotag source: UNPHASED
[2025-08-15 19:11:40.721] [debug] Haplotag source: UNPHASED
[2025-08-15 19:11:40.730] [debug] Haplotag source: UNPHASED
[2025-08-15 19:11:40.738] [debug] Haplotag source: UNPHASED
[2025-08-15 19:11:40.746] [debug] Haplotag source: UNPHASED
[2025-08-15 19:11:40.754] [debug] Haplotag source: UNPHASED
[2025-08-15 19:11:40.763] [debug] Haplotag source: UNPHASED
[2025-08-15 19:11:40.771] [debug] Haplotag source: UNPHASED
[2025-08-15 19:11:40.779] [debug] Haplotag source: UNPHASED
[2025-08-15 19:11:40.787] [debug] Haplotag source: UNPHASED
[2025-08-15 19:11:40.795] [debug] Haplotag source: UNPHASED
[2025-08-15 19:11:40.803] [debug] Haplotag source: UNPHASED
[2025-08-15 19:11:40.811] [debug] Haplotag source: UNPHASED
[2025-08-15 19:11:40.820] [debug] Haplotag source: UNPHASED
[2025-08-15 19:11:40.828] [debug] Haplotag source: UNPHASED
[2025-08-15 19:11:40.836] [debug] Haplotag source: UNPHASED
[2025-08-15 19:11:40.844] [debug] Haplotag source: UNPHASED
[2025-08-15 19:11:40.852] [debug] Haplotag source: UNPHASED
[2025-08-15 19:11:40.860] [debug] Haplotag source: UNPHASED
[2025-08-15 19:11:40.869] [debug] Haplotag source: UNPHASED
[2025-08-15 19:11:40.877] [debug] Haplotag source: UNPHASED
[2025-08-15 19:11:40.885] [debug] Haplotag source: UNPHASED
[2025-08-15 19:11:40.893] [debug] Haplotag source: UNPHASED
[2025-08-15 19:11:40.901] [debug] Haplotag source: UNPHASED
[2025-08-15 19:11:40.909] [debug] Haplotag source: UNPHASED
[2025-08-15 19:11:40.917] [debug] Haplotag source: UNPHASED
[2025-08-15 19:11:40.926] [debug] Haplotag source: UNPHASED
[2025-08-15 19:11:40.933] [debug] Haplotag source: UNPHASED
[2025-08-15 19:11:40.941] [debug] Haplotag source: UNPHASED
[2025-08-15 19:11:40.949] [debug] Haplotag source: UNPHASED
[2025-08-15 19:11:40.957] [debug] Haplotag source: UNPHASED
[2025-08-15 19:11:40.965] [debug] Haplotag source: UNPHASED
[2025-08-15 19:11:40.973] [debug] Haplotag source: UNPHASED
[2025-08-15 19:11:40.981] [debug] Haplotag source: UNPHASED
[2025-08-15 19:11:40.989] [debug] Haplotag source: UNPHASED
[2025-08-15 19:11:40.997] [debug] Haplotag source: UNPHASED
[2025-08-15 19:11:41.005] [debug] Haplotag source: UNPHASED
[2025-08-15 19:11:41.014] [debug] Haplotag source: UNPHASED
[2025-08-15 19:11:41.022] [debug] Haplotag source: UNPHASED
[2025-08-15 19:11:41.030] [debug] Haplotag source: UNPHASED
[2025-08-15 19:11:41.038] [debug] Haplotag source: UNPHASED
[2025-08-15 19:11:41.068] [debug] Haplotag source: UNPHASED
[2025-08-15 19:11:41.077] [debug] Haplotag source: UNPHASED
[2025-08-15 19:11:41.085] [debug] Haplotag source: UNPHASED
[2025-08-15 19:11:41.093] [debug] Haplotag source: UNPHASED
[2025-08-15 19:11:41.101] [debug] Haplotag source: UNPHASED
[2025-08-15 19:11:41.109] [debug] Haplotag source: UNPHASED
[2025-08-15 19:11:41.118] [debug] Haplotag source: UNPHASED
[2025-08-15 19:11:41.126] [debug] Haplotag source: UNPHASED
[2025-08-15 19:11:41.134] [debug] Haplotag source: UNPHASED
[2025-08-15 19:11:41.142] [debug] Haplotag source: UNPHASED
[2025-08-15 19:11:41.150] [debug] Haplotag source: UNPHASED
[2025-08-15 19:11:41.158] [debug] Haplotag source: UNPHASED
[2025-08-15 19:11:41.167] [debug] Haplotag source: UNPHASED
[2025-08-15 19:11:41.177] [debug] Haplotag source: UNPHASED
[2025-08-15 19:11:41.185] [debug] Haplotag source: UNPHASED
[2025-08-15 19:11:41.193] [debug] Haplotag source: UNPHASED
[2025-08-15 19:11:41.203] [debug] Haplotag source: UNPHASED
[2025-08-15 19:11:41.211] [debug] Haplotag source: UNPHASED
[2025-08-15 19:11:41.219] [debug] Haplotag source: UNPHASED
[2025-08-15 19:11:41.227] [debug] Haplotag source: UNPHASED
[2025-08-15 19:11:41.235] [debug] Haplotag source: UNPHASED
[2025-08-15 19:11:41.244] [debug] Haplotag source: UNPHASED
[2025-08-15 19:11:41.252] [debug] Haplotag source: UNPHASED
[2025-08-15 19:11:41.260] [debug] Haplotag source: UNPHASED
[2025-08-15 19:11:41.268] [debug] Haplotag source: UNPHASED
[2025-08-15 19:11:41.276] [debug] Haplotag source: UNPHASED
[2025-08-15 19:11:41.284] [debug] Haplotag source: UNPHASED
[2025-08-15 19:11:41.292] [debug] Haplotag source: UNPHASED
[2025-08-15 19:11:41.300] [debug] Haplotag source: UNPHASED
[2025-08-15 19:11:41.308] [debug] Haplotag source: UNPHASED
[2025-08-15 19:11:41.316] [debug] Haplotag source: UNPHASED
[2025-08-15 19:11:41.324] [debug] Haplotag source: UNPHASED
[2025-08-15 19:11:41.332] [debug] Haplotag source: UNPHASED
[2025-08-15 19:11:41.340] [debug] Haplotag source: UNPHASED
[2025-08-15 19:11:41.348] [debug] Haplotag source: UNPHASED
[2025-08-15 19:11:41.356] [debug] Haplotag source: UNPHASED
[2025-08-15 19:11:41.364] [debug] Haplotag source: UNPHASED
[2025-08-15 19:11:41.372] [debug] Haplotag source: UNPHASED
[2025-08-15 19:11:41.380] [debug] Haplotag source: UNPHASED
[2025-08-15 19:11:41.388] [debug] Haplotag source: UNPHASED
[2025-08-15 19:11:41.396] [debug] Haplotag source: UNPHASED
[2025-08-15 19:11:41.405] [debug] Haplotag source: UNPHASED
[2025-08-15 19:11:41.413] [debug] Haplotag source: UNPHASED
[2025-08-15 19:11:41.421] [debug] Haplotag source: UNPHASED
[2025-08-15 19:11:41.429] [debug] Haplotag source: UNPHASED
[2025-08-15 19:11:41.437] [debug] Haplotag source: UNPHASED
[2025-08-15 19:11:41.446] [debug] Haplotag source: UNPHASED
[2025-08-15 19:11:41.454] [debug] Haplotag source: UNPHASED
[2025-08-15 19:11:41.462] [debug] Haplotag source: UNPHASED
[2025-08-15 19:11:41.470] [debug] Haplotag source: UNPHASED
[2025-08-15 19:11:41.478] [debug] Haplotag source: UNPHASED
[2025-08-15 19:11:41.486] [debug] Haplotag source: UNPHASED
[2025-08-15 19:11:41.495] [debug] Haplotag source: UNPHASED
[2025-08-15 19:11:41.503] [debug] Haplotag source: UNPHASED
[2025-08-15 19:11:41.511] [debug] Haplotag source: UNPHASED
[2025-08-15 19:11:41.519] [debug] Haplotag source: UNPHASED
[2025-08-15 19:11:41.527] [debug] Haplotag source: UNPHASED
[2025-08-15 19:11:41.536] [debug] Haplotag source: UNPHASED
[2025-08-15 19:11:41.544] [debug] Haplotag source: UNPHASED
[2025-08-15 19:11:41.553] [debug] Haplotag source: UNPHASED
[2025-08-15 19:11:41.561] [debug] Haplotag source: UNPHASED
[2025-08-15 19:11:41.569] [debug] Haplotag source: UNPHASED
[2025-08-15 19:11:41.577] [debug] Haplotag source: UNPHASED
[2025-08-15 19:11:41.585] [debug] Haplotag source: UNPHASED
[2025-08-15 19:11:41.593] [debug] Haplotag source: UNPHASED
[2025-08-15 19:11:41.601] [debug] Haplotag source: UNPHASED
[2025-08-15 19:11:41.609] [debug] Haplotag source: UNPHASED
[2025-08-15 19:11:41.618] [debug] Haplotag source: UNPHASED
[2025-08-15 19:11:41.626] [debug] Haplotag source: UNPHASED
[2025-08-15 19:11:41.635] [debug] Haplotag source: UNPHASED
[2025-08-15 19:11:41.643] [debug] Haplotag source: UNPHASED
[2025-08-15 19:11:41.651] [debug] Haplotag source: UNPHASED
[2025-08-15 19:11:41.659] [debug] Haplotag source: UNPHASED
[2025-08-15 19:11:41.667] [debug] Haplotag source: UNPHASED
[2025-08-15 19:11:41.675] [debug] Haplotag source: UNPHASED
[2025-08-15 19:11:41.683] [debug] Haplotag source: UNPHASED
[2025-08-15 19:11:41.691] [debug] Haplotag source: UNPHASED
[2025-08-15 19:11:41.699] [debug] Haplotag source: UNPHASED
[2025-08-15 19:11:41.708] [debug] Haplotag source: UNPHASED
[2025-08-15 19:11:41.716] [debug] Haplotag source: UNPHASED
[2025-08-15 19:11:41.724] [debug] Haplotag source: UNPHASED
[2025-08-15 19:11:41.732] [debug] Haplotag source: UNPHASED
[2025-08-15 19:11:41.740] [debug] Haplotag source: UNPHASED
[2025-08-15 19:11:41.748] [debug] Haplotag source: UNPHASED
[2025-08-15 19:11:41.756] [debug] Haplotag source: UNPHASED
[2025-08-15 19:11:41.764] [debug] Haplotag source: UNPHASED
[2025-08-15 19:11:41.772] [debug] Haplotag source: UNPHASED
[2025-08-15 19:11:41.780] [debug] Haplotag source: UNPHASED
[2025-08-15 19:11:41.788] [debug] Haplotag source: UNPHASED
[2025-08-15 19:11:41.796] [debug] Haplotag source: UNPHASED
[2025-08-15 19:11:41.804] [debug] Haplotag source: UNPHASED
[2025-08-15 19:11:41.812] [debug] Haplotag source: UNPHASED
[2025-08-15 19:11:41.820] [debug] Haplotag source: UNPHASED
[2025-08-15 19:11:41.828] [debug] Haplotag source: UNPHASED
[2025-08-15 19:11:41.836] [debug] Haplotag source: UNPHASED
[2025-08-15 19:11:41.845] [debug] Haplotag source: UNPHASED
[2025-08-15 19:11:41.853] [debug] Haplotag source: UNPHASED
[2025-08-15 19:11:41.861] [debug] Haplotag source: UNPHASED
[2025-08-15 19:11:41.869] [debug] Haplotag source: UNPHASED
[2025-08-15 19:11:41.877] [debug] Haplotag source: UNPHASED
[2025-08-15 19:11:41.886] [debug] Haplotag source: UNPHASED
[2025-08-15 19:11:41.894] [debug] Haplotag source: UNPHASED
[2025-08-15 19:11:41.902] [debug] Haplotag source: UNPHASED
[2025-08-15 19:11:41.910] [debug] Haplotag source: UNPHASED
[2025-08-15 19:11:41.918] [debug] Haplotag source: UNPHASED
[2025-08-15 19:11:41.926] [debug] Haplotag source: UNPHASED
[2025-08-15 19:11:41.935] [debug] Haplotag source: UNPHASED
[2025-08-15 19:11:41.943] [debug] Haplotag source: UNPHASED
[2025-08-15 19:11:41.951] [debug] Haplotag source: UNPHASED
[2025-08-15 19:11:41.959] [debug] Haplotag source: UNPHASED
[2025-08-15 19:11:41.967] [debug] Haplotag source: UNPHASED
[2025-08-15 19:11:41.975] [debug] Haplotag source: UNPHASED
[2025-08-15 19:11:41.983] [debug] Haplotag source: UNPHASED
[2025-08-15 19:11:41.992] [debug] Haplotag source: UNPHASED
[2025-08-15 19:11:42.000] [debug] Haplotag source: UNPHASED
[2025-08-15 19:11:42.008] [debug] Haplotag source: UNPHASED
[2025-08-15 19:11:42.016] [debug] Haplotag source: UNPHASED
[2025-08-15 19:11:42.024] [debug] Haplotag source: UNPHASED
[2025-08-15 19:11:42.033] [debug] Haplotag source: UNPHASED
[2025-08-15 19:11:42.041] [debug] Haplotag source: UNPHASED
[2025-08-15 19:11:42.049] [debug] Haplotag source: UNPHASED
[2025-08-15 19:11:42.057] [debug] Haplotag source: UNPHASED
[2025-08-15 19:11:42.065] [debug] Haplotag source: UNPHASED
[2025-08-15 19:11:42.074] [debug] Haplotag source: UNPHASED
[2025-08-15 19:11:42.082] [debug] Haplotag source: UNPHASED
[2025-08-15 19:11:42.090] [debug] Haplotag source: UNPHASED
[2025-08-15 19:11:42.098] [debug] Haplotag source: UNPHASED
[2025-08-15 19:11:42.106] [debug] Haplotag source: UNPHASED
[2025-08-15 19:11:42.143] [debug] Haplotag source: UNPHASED
[2025-08-15 19:11:42.151] [debug] Haplotag source: UNPHASED
[2025-08-15 19:11:42.159] [debug] Haplotag source: UNPHASED
[2025-08-15 19:11:42.168] [debug] Haplotag source: UNPHASED
[2025-08-15 19:11:42.180] [debug] Haplotag source: UNPHASED
[2025-08-15 19:11:42.189] [debug] Haplotag source: UNPHASED
[2025-08-15 19:11:42.197] [debug] Haplotag source: UNPHASED
[2025-08-15 19:11:42.207] [debug] Haplotag source: UNPHASED
[2025-08-15 19:11:42.215] [debug] Haplotag source: UNPHASED
[2025-08-15 19:11:42.223] [debug] Haplotag source: UNPHASED
[2025-08-15 19:11:42.231] [debug] Haplotag source: UNPHASED
[2025-08-15 19:11:42.240] [debug] Haplotag source: UNPHASED
[2025-08-15 19:11:42.248] [debug] Haplotag source: UNPHASED
[2025-08-15 19:11:42.256] [debug] Haplotag source: UNPHASED
[2025-08-15 19:11:42.264] [debug] Haplotag source: UNPHASED
[2025-08-15 19:11:42.273] [debug] Haplotag source: UNPHASED
[2025-08-15 19:11:42.281] [debug] Haplotag source: UNPHASED
[2025-08-15 19:11:42.289] [debug] Haplotag source: UNPHASED
[2025-08-15 19:11:42.297] [debug] Haplotag source: UNPHASED
[2025-08-15 19:11:42.305] [debug] Haplotag source: UNPHASED
[2025-08-15 19:11:42.314] [debug] Haplotag source: UNPHASED
[2025-08-15 19:11:42.322] [debug] Haplotag source: UNPHASED
[2025-08-15 19:11:42.330] [debug] Haplotag source: UNPHASED
[2025-08-15 19:11:42.338] [debug] Haplotag source: UNPHASED
[2025-08-15 19:11:42.346] [debug] Haplotag source: UNPHASED
[2025-08-15 19:11:42.355] [debug] Haplotag source: UNPHASED
[2025-08-15 19:11:42.363] [debug] Haplotag source: UNPHASED
[2025-08-15 19:11:42.372] [debug] Haplotag source: UNPHASED
[2025-08-15 19:11:42.380] [debug] Haplotag source: UNPHASED
[2025-08-15 19:11:42.388] [debug] Haplotag source: UNPHASED
[2025-08-15 19:11:42.397] [debug] Haplotag source: UNPHASED
[2025-08-15 19:11:42.405] [debug] Haplotag source: UNPHASED
[2025-08-15 19:11:42.413] [debug] Haplotag source: UNPHASED
[2025-08-15 19:11:42.421] [debug] Haplotag source: UNPHASED
[2025-08-15 19:11:42.429] [debug] Haplotag source: UNPHASED
[2025-08-15 19:11:42.438] [debug] Haplotag source: UNPHASED
[2025-08-15 19:11:42.446] [debug] Haplotag source: UNPHASED
[2025-08-15 19:11:42.454] [debug] Haplotag source: UNPHASED
[2025-08-15 19:11:42.462] [debug] Haplotag source: UNPHASED
[2025-08-15 19:11:42.470] [debug] Haplotag source: UNPHASED
[2025-08-15 19:11:42.478] [debug] Haplotag source: UNPHASED
[2025-08-15 19:11:42.486] [debug] Haplotag source: UNPHASED
[2025-08-15 19:11:42.494] [debug] Haplotag source: UNPHASED
[2025-08-15 19:11:42.502] [debug] Haplotag source: UNPHASED
[2025-08-15 19:11:42.510] [debug] Haplotag source: UNPHASED
[2025-08-15 19:11:42.518] [debug] Haplotag source: UNPHASED
[2025-08-15 19:11:42.526] [debug] Haplotag source: UNPHASED
[2025-08-15 19:11:42.534] [debug] Haplotag source: UNPHASED
[2025-08-15 19:11:42.542] [debug] Haplotag source: UNPHASED
[2025-08-15 19:11:42.550] [debug] Haplotag source: UNPHASED
[2025-08-15 19:11:42.558] [debug] Haplotag source: UNPHASED
[2025-08-15 19:11:42.571] [debug] Haplotag source: UNPHASED
[2025-08-15 19:11:42.579] [debug] Haplotag source: UNPHASED
[2025-08-15 19:11:42.587] [debug] Haplotag source: UNPHASED
[2025-08-15 19:11:42.595] [debug] Haplotag source: UNPHASED
[2025-08-15 19:11:42.604] [debug] Haplotag source: UNPHASED
[2025-08-15 19:11:42.612] [debug] Haplotag source: UNPHASED
[2025-08-15 19:11:42.620] [debug] Haplotag source: UNPHASED
[2025-08-15 19:11:42.628] [debug] Haplotag source: UNPHASED
[2025-08-15 19:11:42.636] [debug] Haplotag source: UNPHASED
[2025-08-15 19:11:42.645] [debug] Haplotag source: UNPHASED
[2025-08-15 19:11:42.653] [debug] Haplotag source: UNPHASED
[2025-08-15 19:11:42.661] [debug] Haplotag source: UNPHASED
[2025-08-15 19:11:42.669] [debug] Haplotag source: UNPHASED
[2025-08-15 19:11:42.678] [debug] Haplotag source: UNPHASED
[2025-08-15 19:11:42.686] [debug] Haplotag source: UNPHASED
[2025-08-15 19:11:42.694] [debug] Haplotag source: UNPHASED
[2025-08-15 19:11:42.702] [debug] Haplotag source: UNPHASED
[2025-08-15 19:11:42.710] [debug] Haplotag source: UNPHASED
[2025-08-15 19:11:42.718] [debug] Haplotag source: UNPHASED
[2025-08-15 19:11:42.726] [debug] Haplotag source: UNPHASED
[2025-08-15 19:11:42.734] [debug] Haplotag source: UNPHASED
[2025-08-15 19:11:42.742] [debug] Haplotag source: UNPHASED
[2025-08-15 19:11:42.751] [debug] Haplotag source: UNPHASED
[2025-08-15 19:11:42.759] [debug] Haplotag source: UNPHASED
[2025-08-15 19:11:42.767] [debug] Haplotag source: UNPHASED
[2025-08-15 19:11:42.775] [debug] Haplotag source: UNPHASED
[2025-08-15 19:11:42.783] [debug] Haplotag source: UNPHASED
[2025-08-15 19:11:42.791] [debug] Haplotag source: UNPHASED
[2025-08-15 19:11:42.799] [debug] Haplotag source: UNPHASED
[2025-08-15 19:11:42.808] [debug] Haplotag source: UNPHASED
[2025-08-15 19:11:42.816] [debug] Haplotag source: UNPHASED
[2025-08-15 19:11:42.824] [debug] Haplotag source: UNPHASED
[2025-08-15 19:11:42.832] [debug] Haplotag source: UNPHASED
[2025-08-15 19:11:42.841] [debug] Haplotag source: UNPHASED
[2025-08-15 19:11:42.848] [debug] Haplotag source: UNPHASED
[2025-08-15 19:11:42.857] [debug] Haplotag source: UNPHASED
[2025-08-15 19:11:42.865] [debug] Haplotag source: UNPHASED
[2025-08-15 19:11:42.873] [debug] Haplotag source: UNPHASED
[2025-08-15 19:11:42.881] [debug] Haplotag source: UNPHASED
[2025-08-15 19:11:42.889] [debug] Haplotag source: UNPHASED
[2025-08-15 19:11:42.898] [debug] Haplotag source: UNPHASED
[2025-08-15 19:11:42.906] [debug] Haplotag source: UNPHASED
[2025-08-15 19:11:42.914] [debug] Haplotag source: UNPHASED
[2025-08-15 19:11:42.922] [debug] Haplotag source: UNPHASED
[2025-08-15 19:11:42.930] [debug] Haplotag source: UNPHASED
[2025-08-15 19:11:42.938] [debug] Haplotag source: UNPHASED
[2025-08-15 19:11:42.947] [debug] Haplotag source: UNPHASED
[2025-08-15 19:11:42.955] [debug] Haplotag source: UNPHASED
[2025-08-15 19:11:42.963] [debug] Haplotag source: UNPHASED
[2025-08-15 19:11:42.971] [info] Creating the decoder.
[2025-08-15 19:11:42.972] [info] Threads: 336, inference threads: 2, number of devices: 1
[2025-08-15 19:11:42.972] [debug] Looking for idx /nesi/nobackup/brins03581/rootstock_2025/dgenies/purged_dup_filtered_dgenies/1103P_simplex_hap1_purged_dgenies.fa.fai
[2025-08-15 19:11:42.972] [debug] [run_polishing] Loading draft sequence lengths.
[2025-08-15 19:11:43.026] [debug] [run_polishing] =============================
[2025-08-15 19:11:43.026] [debug] [run_polishing] Processing batch interval of drafts: [0, 1)
[2025-08-15 19:11:43.026] [debug] [run_polishing] region_batch i = 0: h1tg000001l_1:100000-200000
[2025-08-15 19:11:43.026] [debug] Creating BAM windows.
[2025-08-15 19:11:43.026] [debug] Creating windows for region: 'h1tg000001l_1:100000-200000'.
[2025-08-15 19:11:43.026] [debug] Generated 1 windows for region: 'h1tg000001l_1:100000-200000'.
[2025-08-15 19:11:43.026] [debug] [run_polishing] Starting to produce consensus for regions: 0-1/39 (number: 1, total length: 0.10 Mbp)
[2025-08-15 19:11:43.027] [debug] [producer] Input: 1 BAM windows.
[2025-08-15 19:11:43.027] [debug] Starting to encode regions for 2 windows using 2 threads.
[2025-08-15 19:11:43.430] [debug] [producer] Pushed final batch for inference to infer_data queue.
[2025-08-15 19:11:44.068] [debug] [infer_samples_in_parallel] Finished running inference.
[2025-08-15 19:11:44.069] [debug] [decode_samples_in_parallel] Finished decoding the output.
[2025-08-15 19:11:44.080] [debug] [run_polishing] Stitching sequences: 0-1/39 (number: 1, total length: 0.10 Mbp), parts: 19
[2025-08-15 19:11:44.080] [debug] Data for variant calling: num elements = 0, num consensus results = 19
[2025-08-15 19:11:44.156] [debug] [run_polishing] =============================
[2025-08-15 19:11:44.156] [debug] [run_polishing] Processing batch interval of drafts: [1, 39)
[2025-08-15 19:11:44.156] [debug] Creating BAM windows.
[2025-08-15 19:11:44.156] [debug] [run_polishing] Starting to produce consensus for regions: 1-39/39 (number: 0, total length: 0.00 Mbp)
[2025-08-15 19:11:44.156] [debug] [producer] Input: 0 BAM windows.
[2025-08-15 19:11:44.156] [debug] [infer_samples_in_parallel] Finished running inference.
[2025-08-15 19:11:44.214] [debug] [decode_samples_in_parallel] Finished decoding the output.
[2025-08-15 19:11:44.224] [debug] [run_polishing] Stitching sequences: 1-39/39 (number: 0, total length: 0.00 Mbp), parts: 0
[2025-08-15 19:11:44.224] [debug] Data for variant calling: num elements = 0, num consensus results = 0
[2025-08-15 19:11:44.232] [debug] Sequence 'h1tg000002l_1' of length 18149231 has zero inferred samples. Copying contig verbatim from input.
[2025-08-15 19:11:44.253] [debug] Sequence 'h1tg000003l_1' of length 16116797 has zero inferred samples. Copying contig verbatim from input.
[2025-08-15 19:11:44.279] [debug] Sequence 'h1tg000004l_1' of length 21909201 has zero inferred samples. Copying contig verbatim from input.
[2025-08-15 19:11:44.307] [debug] Sequence 'h1tg000005l_1' of length 23408740 has zero inferred samples. Copying contig verbatim from input.
[2025-08-15 19:11:44.332] [debug] Sequence 'h1tg000006l_1' of length 13793099 has zero inferred samples. Copying contig verbatim from input.
[2025-08-15 19:11:44.354] [debug] Sequence 'h1tg000007l_1' of length 15281561 has zero inferred samples. Copying contig verbatim from input.
[2025-08-15 19:11:44.375] [debug] Sequence 'h1tg000008l_1' of length 6362620 has zero inferred samples. Copying contig verbatim from input.
[2025-08-15 19:11:44.386] [debug] Sequence 'h1tg000009l_1' of length 12159775 has zero inferred samples. Copying contig verbatim from input.
[2025-08-15 19:11:44.407] [debug] Sequence 'h1tg000010l_1' of length 13523892 has zero inferred samples. Copying contig verbatim from input.
[2025-08-15 19:11:44.425] [debug] Sequence 'h1tg000011l_1' of length 6285972 has zero inferred samples. Copying contig verbatim from input.
[2025-08-15 19:11:44.440] [debug] Sequence 'h1tg000012l_1' of length 20554499 has zero inferred samples. Copying contig verbatim from input.
[2025-08-15 19:11:44.460] [debug] Sequence 'h1tg000013l_1' of length 11410192 has zero inferred samples. Copying contig verbatim from input.
[2025-08-15 19:11:44.486] [debug] Sequence 'h1tg000014l_1' of length 19838300 has zero inferred samples. Copying contig verbatim from input.
[2025-08-15 19:11:44.518] [debug] Sequence 'h1tg000015l_1' of length 29283837 has zero inferred samples. Copying contig verbatim from input.
[2025-08-15 19:11:44.551] [debug] Sequence 'h1tg000017l_1' of length 16882741 has zero inferred samples. Copying contig verbatim from input.
[2025-08-15 19:11:44.573] [debug] Sequence 'h1tg000018l_1' of length 9256068 has zero inferred samples. Copying contig verbatim from input.
[2025-08-15 19:11:44.587] [debug] Sequence 'h1tg000019l_1' of length 4865305 has zero inferred samples. Copying contig verbatim from input.
[2025-08-15 19:11:44.606] [debug] Sequence 'h1tg000020l_1' of length 25864485 has zero inferred samples. Copying contig verbatim from input.
[2025-08-15 19:11:44.635] [debug] Sequence 'h1tg000021l_1' of length 16502879 has zero inferred samples. Copying contig verbatim from input.
[2025-08-15 19:11:44.670] [debug] Sequence 'h1tg000023l_1' of length 25417029 has zero inferred samples. Copying contig verbatim from input.
[2025-08-15 19:11:44.706] [debug] Sequence 'h1tg000024l_1' of length 24099329 has zero inferred samples. Copying contig verbatim from input.
[2025-08-15 19:11:44.734] [debug] Sequence 'h1tg000026l_1' of length 13208746 has zero inferred samples. Copying contig verbatim from input.
[2025-08-15 19:11:44.760] [debug] Sequence 'h1tg000027l_1' of length 16030679 has zero inferred samples. Copying contig verbatim from input.
[2025-08-15 19:11:44.785] [debug] Sequence 'h1tg000028l_1' of length 6322081 has zero inferred samples. Copying contig verbatim from input.
[2025-08-15 19:11:44.804] [debug] Sequence 'h1tg000029l_1' of length 21310582 has zero inferred samples. Copying contig verbatim from input.
[2025-08-15 19:11:44.829] [debug] Sequence 'h1tg000030l_1' of length 10855795 has zero inferred samples. Copying contig verbatim from input.
[2025-08-15 19:11:44.851] [debug] Sequence 'h1tg000031l_1' of length 12167952 has zero inferred samples. Copying contig verbatim from input.
[2025-08-15 19:11:44.873] [debug] Sequence 'h1tg000033l_1' of length 8331740 has zero inferred samples. Copying contig verbatim from input.
[2025-08-15 19:11:44.886] [debug] Sequence 'h1tg000035l_1' of length 8601814 has zero inferred samples. Copying contig verbatim from input.
[2025-08-15 19:11:44.902] [debug] Sequence 'h1tg000036l_1' of length 7515813 has zero inferred samples. Copying contig verbatim from input.
[2025-08-15 19:11:44.913] [debug] Sequence 'h1tg000038l_1' of length 1969140 has zero inferred samples. Copying contig verbatim from input.
[2025-08-15 19:11:44.916] [debug] Sequence 'h1tg000044l_1' of length 2056189 has zero inferred samples. Copying contig verbatim from input.
[2025-08-15 19:11:44.920] [debug] Sequence 'h1tg000046l_1' of length 1124863 has zero inferred samples. Copying contig verbatim from input.
[2025-08-15 19:11:44.923] [debug] Sequence 'h1tg000047l_1' of length 6635301 has zero inferred samples. Copying contig verbatim from input.
[2025-08-15 19:11:44.929] [debug] Sequence 'h1tg000048l_1' of length 2067410 has zero inferred samples. Copying contig verbatim from input.
[2025-08-15 19:11:44.930] [debug] Sequence 'h1tg000063l_1' of length 385424 has zero inferred samples. Copying contig verbatim from input.
[2025-08-15 19:11:44.930] [debug] Sequence 'h1tg000102l_1' of length 116367 has zero inferred samples. Copying contig verbatim from input.
[2025-08-15 19:11:44.931] [debug] Sequence 'h1tg000162l_1' of length 300904 has zero inferred samples. Copying contig verbatim from input.

                                                                                                                                                                                                        [2025-08-15 19:11:45.973] [info] Done!
[2025-08-15 19:11:47.596] [info] Running: "polish" "/nesi/nobackup/brins03581/rootstock_2025/dorado_aligner/1103P_hap1_dorado_aligned_reads.bam" "/nesi/nobackup/brins03581/rootstock_2025/dgenies/purged_dup_filtered_dgenies/1103P_simplex_hap1_purged_dgenies.fa" "--ignore-read-groups" "--draft-batchsize" "1" "-v" "--regions" "h1tg000001l_1:200000-300000"
[2025-08-15 19:11:47.960] [info] Using CUDA devices:
[2025-08-15 19:11:47.960] [info] cuda:0 - NVIDIA H100 NVL
[2025-08-15 19:11:47.971] [debug] bam_info.uses_dorado_aligner = true
[2025-08-15 19:11:47.971] [debug] bam_info.has_dwells = false
[2025-08-15 19:11:47.971] [debug] bam_info.read_groups:
[2025-08-15 19:11:47.971] [debug]     - f64c4343d09389d5ea97bd80c10184eb0827e3dd_dna_r10.4.1_e8.2_400bps_sup@v5.0.0_3309
[2025-08-15 19:11:47.971] [debug]     - f64c4343d09389d5ea97bd80c10184eb0827e3dd_dna_r10.4.1_e8.2_400bps_sup@v5.0.0
[2025-08-15 19:11:47.971] [debug]     - f5242ed6ea93d85c4a7cd8fc9aaf3b2036ade8e7_dna_r10.4.1_e8.2_400bps_sup@v5.0.0_Pinot_Noir
[2025-08-15 19:11:47.971] [debug]     - f5242ed6ea93d85c4a7cd8fc9aaf3b2036ade8e7_dna_r10.4.1_e8.2_400bps_sup@v5.0.0_Chenin_Blanc
[2025-08-15 19:11:47.972] [debug]     - f5242ed6ea93d85c4a7cd8fc9aaf3b2036ade8e7_dna_r10.4.1_e8.2_400bps_sup@v5.0.0_Chardonnay
[2025-08-15 19:11:47.972] [debug]     - 8dfa6d1e4c57dc38afd7588cf1e13e27219ee741_dna_r10.4.1_e8.2_400bps_sup@v5.0.0
[2025-08-15 19:11:47.972] [debug]     - 37f333daa78dbdcf0e780b029dd11ba3bc83c8b1_dna_r10.4.1_e8.2_400bps_sup@v5.0.0_1103P
[2025-08-15 19:11:47.972] [debug]     - 2451c1996d21b4c45a02e3894ffa32ea5453ac73_dna_r10.4.1_e8.2_400bps_sup@v5.0.0_Pinot_Noir
[2025-08-15 19:11:47.972] [debug]     - 37f333daa78dbdcf0e780b029dd11ba3bc83c8b1_dna_r10.4.1_e8.2_400bps_sup@v5.0.0
[2025-08-15 19:11:47.972] [debug]     - 37f333daa78dbdcf0e780b029dd11ba3bc83c8b1_dna_r10.4.1_e8.2_400bps_sup@v5.0.0_3309
[2025-08-15 19:11:47.972] [debug]     - eed36dce3c94e1ecc150a0f088ddf4e31238f7f2_dna_r10.4.1_e8.2_400bps_sup@v5.0.0_Chenin_Blanc
[2025-08-15 19:11:47.972] [debug]     - 2451c1996d21b4c45a02e3894ffa32ea5453ac73_dna_r10.4.1_e8.2_400bps_sup@v5.0.0_Chenin_Blanc
[2025-08-15 19:11:47.972] [debug]     - 2451c1996d21b4c45a02e3894ffa32ea5453ac73_dna_r10.4.1_e8.2_400bps_sup@v5.0.0_3309
[2025-08-15 19:11:47.972] [debug]     - 8dfa6d1e4c57dc38afd7588cf1e13e27219ee741_dna_r10.4.1_e8.2_400bps_sup@v5.0.0_1103P
[2025-08-15 19:11:47.972] [debug]     - 2451c1996d21b4c45a02e3894ffa32ea5453ac73_dna_r10.4.1_e8.2_400bps_sup@v5.0.0
[2025-08-15 19:11:47.972] [debug]     - add78fda19e90f30ecd222886068fdccd726fb39_dna_r10.4.1_e8.2_400bps_sup@v5.0.0
[2025-08-15 19:11:47.972] [debug]     - 37f333daa78dbdcf0e780b029dd11ba3bc83c8b1_dna_r10.4.1_e8.2_400bps_sup@v5.0.0_Chenin_Blanc
[2025-08-15 19:11:47.972] [debug]     - 8dfa6d1e4c57dc38afd7588cf1e13e27219ee741_dna_r10.4.1_e8.2_400bps_sup@v5.0.0_3309
[2025-08-15 19:11:47.972] [debug]     - 2451c1996d21b4c45a02e3894ffa32ea5453ac73_dna_r10.4.1_e8.2_400bps_sup@v5.0.0_Chardonnay
[2025-08-15 19:11:47.972] [debug]     - 2451c1996d21b4c45a02e3894ffa32ea5453ac73_dna_r10.4.1_e8.2_400bps_sup@v5.0.0_1103P
[2025-08-15 19:11:47.972] [debug]     - 8dfa6d1e4c57dc38afd7588cf1e13e27219ee741_dna_r10.4.1_e8.2_400bps_sup@v5.0.0_Chenin_Blanc
[2025-08-15 19:11:47.972] [debug]     - f5242ed6ea93d85c4a7cd8fc9aaf3b2036ade8e7_dna_r10.4.1_e8.2_400bps_sup@v5.0.0_3309
[2025-08-15 19:11:47.972] [debug]     - 8dfa6d1e4c57dc38afd7588cf1e13e27219ee741_dna_r10.4.1_e8.2_400bps_sup@v5.0.0_Pinot_Noir
[2025-08-15 19:11:47.972] [debug]     - add78fda19e90f30ecd222886068fdccd726fb39_dna_r10.4.1_e8.2_400bps_sup@v5.0.0_1103P
[2025-08-15 19:11:47.972] [debug]     - add78fda19e90f30ecd222886068fdccd726fb39_dna_r10.4.1_e8.2_400bps_sup@v5.0.0_3309
[2025-08-15 19:11:47.972] [debug]     - eed36dce3c94e1ecc150a0f088ddf4e31238f7f2_dna_r10.4.1_e8.2_400bps_sup@v5.0.0
[2025-08-15 19:11:47.972] [debug]     - eed36dce3c94e1ecc150a0f088ddf4e31238f7f2_dna_r10.4.1_e8.2_400bps_sup@v5.0.0_1103P
[2025-08-15 19:11:47.972] [debug]     - 37f333daa78dbdcf0e780b029dd11ba3bc83c8b1_dna_r10.4.1_e8.2_400bps_sup@v5.0.0_Chardonnay
[2025-08-15 19:11:47.972] [debug]     - eed36dce3c94e1ecc150a0f088ddf4e31238f7f2_dna_r10.4.1_e8.2_400bps_sup@v5.0.0_3309
[2025-08-15 19:11:47.972] [debug]     - eed36dce3c94e1ecc150a0f088ddf4e31238f7f2_dna_r10.4.1_e8.2_400bps_sup@v5.0.0_Chardonnay
[2025-08-15 19:11:47.972] [debug]     - eed36dce3c94e1ecc150a0f088ddf4e31238f7f2_dna_r10.4.1_e8.2_400bps_sup@v5.0.0_Pinot_Noir
[2025-08-15 19:11:47.972] [debug]     - f64c4343d09389d5ea97bd80c10184eb0827e3dd_dna_r10.4.1_e8.2_400bps_sup@v5.0.0_1103P
[2025-08-15 19:11:47.972] [debug]     - 37f333daa78dbdcf0e780b029dd11ba3bc83c8b1_dna_r10.4.1_e8.2_400bps_sup@v5.0.0_Pinot_Noir
[2025-08-15 19:11:47.972] [debug]     - 8dfa6d1e4c57dc38afd7588cf1e13e27219ee741_dna_r10.4.1_e8.2_400bps_sup@v5.0.0_Chardonnay
[2025-08-15 19:11:47.972] [debug]     - f5242ed6ea93d85c4a7cd8fc9aaf3b2036ade8e7_dna_r10.4.1_e8.2_400bps_sup@v5.0.0
[2025-08-15 19:11:47.972] [debug]     - f5242ed6ea93d85c4a7cd8fc9aaf3b2036ade8e7_dna_r10.4.1_e8.2_400bps_sup@v5.0.0_1103P
[2025-08-15 19:11:47.972] [debug] bam_info.basecaller_models:
[2025-08-15 19:11:47.972] [debug]     - dna_r10.4.1_e8.2_400bps_sup@v5.0.0
[2025-08-15 19:11:47.976] [info] Input data does not contain move tables.
[2025-08-15 19:11:47.976] [info] Auto resolving the model.
[2025-08-15 19:11:47.976] [debug] Resolved model from input data: dna_r10.4.1_e8.2_400bps_sup@v5.0.0_polish_rl
[2025-08-15 19:11:47.976] [info] Downloading model: 'dna_r10.4.1_e8.2_400bps_sup@v5.0.0_polish_rl'
[2025-08-15 19:11:47.985] [warning] Unknown certs location for current distribution. If you hit download issues, use the envvar `SSL_CERT_FILE` to specify the location manually.
[2025-08-15 19:11:47.986] [info]  - downloading dna_r10.4.1_e8.2_400bps_sup@v5.0.0_polish_rl with httplib
[2025-08-15 19:11:48.361] [info] Parsing the model config: /nesi/nobackup/brins03581/rootstock_2025/script/.temp_dorado_model-e83548b304786438/dna_r10.4.1_e8.2_400bps_sup@v5.0.0_polish_rl/config.toml
[2025-08-15 19:11:48.362] [info] Initializing the devices.
[2025-08-15 19:11:48.362] [debug] Parsing CUDA device string.
[2025-08-15 19:11:48.362] [debug] [create_resources] Loading the model.
[2025-08-15 19:11:48.372] [debug] [create_resources] Creating a model from the config.
[2025-08-15 19:11:48.372] [debug] Constructing a LATENT_SPACE_LSTM model.
[2025-08-15 19:11:48.424] [debug] [model_params] w.key() = base_embedder.weight
[2025-08-15 19:11:48.424] [debug] [model_params] w.key() = strand_embedder.weight
[2025-08-15 19:11:48.424] [debug] [model_params] w.key() = read_level_conv.expansion_layer.weight
[2025-08-15 19:11:48.424] [debug] [model_params] w.key() = read_level_conv.expansion_layer.bias
[2025-08-15 19:11:48.424] [debug] [model_params] w.key() = read_level_conv.convs.0.weight
[2025-08-15 19:11:48.424] [debug] [model_params] w.key() = read_level_conv.convs.0.bias
[2025-08-15 19:11:48.424] [debug] [model_params] w.key() = read_level_conv.convs.2.weight
[2025-08-15 19:11:48.424] [debug] [model_params] w.key() = read_level_conv.convs.2.bias
[2025-08-15 19:11:48.424] [debug] [model_params] w.key() = read_level_conv.convs.3.weight
[2025-08-15 19:11:48.424] [debug] [model_params] w.key() = read_level_conv.convs.3.bias
[2025-08-15 19:11:48.424] [debug] [model_params] w.key() = read_level_conv.convs.5.weight
[2025-08-15 19:11:48.424] [debug] [model_params] w.key() = read_level_conv.convs.5.bias
[2025-08-15 19:11:48.424] [debug] [model_params] w.key() = pre_pool_expansion_layer.weight
[2025-08-15 19:11:48.424] [debug] [model_params] w.key() = pre_pool_expansion_layer.bias
[2025-08-15 19:11:48.424] [debug] [model_params] w.key() = lstm.0.lstm.weight_ih_l0
[2025-08-15 19:11:48.424] [debug] [model_params] w.key() = lstm.0.lstm.weight_hh_l0
[2025-08-15 19:11:48.424] [debug] [model_params] w.key() = lstm.0.lstm.bias_ih_l0
[2025-08-15 19:11:48.424] [debug] [model_params] w.key() = lstm.0.lstm.bias_hh_l0
[2025-08-15 19:11:48.424] [debug] [model_params] w.key() = lstm.1.lstm.weight_ih_l0
[2025-08-15 19:11:48.424] [debug] [model_params] w.key() = lstm.1.lstm.weight_hh_l0
[2025-08-15 19:11:48.424] [debug] [model_params] w.key() = lstm.1.lstm.bias_ih_l0
[2025-08-15 19:11:48.424] [debug] [model_params] w.key() = lstm.1.lstm.bias_hh_l0
[2025-08-15 19:11:48.424] [debug] [model_params] w.key() = lstm.2.lstm.weight_ih_l0
[2025-08-15 19:11:48.424] [debug] [model_params] w.key() = lstm.2.lstm.weight_hh_l0
[2025-08-15 19:11:48.424] [debug] [model_params] w.key() = lstm.2.lstm.bias_ih_l0
[2025-08-15 19:11:48.424] [debug] [model_params] w.key() = lstm.2.lstm.bias_hh_l0
[2025-08-15 19:11:48.424] [debug] [model_params] w.key() = lstm.3.lstm.weight_ih_l0
[2025-08-15 19:11:48.424] [debug] [model_params] w.key() = lstm.3.lstm.weight_hh_l0
[2025-08-15 19:11:48.424] [debug] [model_params] w.key() = lstm.3.lstm.bias_ih_l0
[2025-08-15 19:11:48.424] [debug] [model_params] w.key() = lstm.3.lstm.bias_hh_l0
[2025-08-15 19:11:48.424] [debug] [model_params] w.key() = linear.weight
[2025-08-15 19:11:48.424] [debug] [model_params] w.key() = linear.bias
[2025-08-15 19:11:48.424] [debug] [model_params] Buffer key: read_level_conv.convs.2.running_mean, shape: 64
[2025-08-15 19:11:48.424] [debug] [model_params] Buffer key: read_level_conv.convs.2.running_var, shape: 64
[2025-08-15 19:11:48.424] [debug] [model_params] Buffer key: read_level_conv.convs.2.num_batches_tracked, shape: 
[2025-08-15 19:11:48.424] [debug] [model_params] Buffer key: read_level_conv.convs.5.running_mean, shape: 64
[2025-08-15 19:11:48.424] [debug] [model_params] Buffer key: read_level_conv.convs.5.running_var, shape: 64
[2025-08-15 19:11:48.424] [debug] [model_params] Buffer key: read_level_conv.convs.5.num_batches_tracked, shape: 
[2025-08-15 19:11:48.463] [debug] [pt_param] w.key() = base_embedder.weight
[2025-08-15 19:11:48.463] [debug] [pt_param] w.key() = strand_embedder.weight
[2025-08-15 19:11:48.463] [debug] [pt_param] w.key() = read_level_conv.convs.0.weight
[2025-08-15 19:11:48.463] [debug] [pt_param] w.key() = read_level_conv.convs.0.bias
[2025-08-15 19:11:48.463] [debug] [pt_param] w.key() = read_level_conv.convs.2.weight
[2025-08-15 19:11:48.463] [debug] [pt_param] w.key() = read_level_conv.convs.2.bias
[2025-08-15 19:11:48.463] [debug] [pt_param] w.key() = read_level_conv.convs.2.running_mean
[2025-08-15 19:11:48.463] [debug] [pt_param] w.key() = read_level_conv.convs.2.running_var
[2025-08-15 19:11:48.463] [debug] [pt_param] w.key() = read_level_conv.convs.2.num_batches_tracked
[2025-08-15 19:11:48.463] [debug] [pt_param] w.key() = read_level_conv.convs.3.weight
[2025-08-15 19:11:48.463] [debug] [pt_param] w.key() = read_level_conv.convs.3.bias
[2025-08-15 19:11:48.463] [debug] [pt_param] w.key() = read_level_conv.convs.5.weight
[2025-08-15 19:11:48.463] [debug] [pt_param] w.key() = read_level_conv.convs.5.bias
[2025-08-15 19:11:48.463] [debug] [pt_param] w.key() = read_level_conv.convs.5.running_mean
[2025-08-15 19:11:48.463] [debug] [pt_param] w.key() = read_level_conv.convs.5.running_var
[2025-08-15 19:11:48.463] [debug] [pt_param] w.key() = read_level_conv.convs.5.num_batches_tracked
[2025-08-15 19:11:48.463] [debug] [pt_param] w.key() = read_level_conv.expansion_layer.weight
[2025-08-15 19:11:48.463] [debug] [pt_param] w.key() = read_level_conv.expansion_layer.bias
[2025-08-15 19:11:48.463] [debug] [pt_param] w.key() = pre_pool_expansion_layer.weight
[2025-08-15 19:11:48.463] [debug] [pt_param] w.key() = pre_pool_expansion_layer.bias
[2025-08-15 19:11:48.463] [debug] [pt_param] w.key() = lstm.0.lstm.weight_ih_l0
[2025-08-15 19:11:48.463] [debug] [pt_param] w.key() = lstm.0.lstm.weight_hh_l0
[2025-08-15 19:11:48.463] [debug] [pt_param] w.key() = lstm.0.lstm.bias_ih_l0
[2025-08-15 19:11:48.463] [debug] [pt_param] w.key() = lstm.0.lstm.bias_hh_l0
[2025-08-15 19:11:48.463] [debug] [pt_param] w.key() = lstm.1.lstm.weight_ih_l0
[2025-08-15 19:11:48.463] [debug] [pt_param] w.key() = lstm.1.lstm.weight_hh_l0
[2025-08-15 19:11:48.463] [debug] [pt_param] w.key() = lstm.1.lstm.bias_ih_l0
[2025-08-15 19:11:48.463] [debug] [pt_param] w.key() = lstm.1.lstm.bias_hh_l0
[2025-08-15 19:11:48.463] [debug] [pt_param] w.key() = lstm.2.lstm.weight_ih_l0
[2025-08-15 19:11:48.463] [debug] [pt_param] w.key() = lstm.2.lstm.weight_hh_l0
[2025-08-15 19:11:48.463] [debug] [pt_param] w.key() = lstm.2.lstm.bias_ih_l0
[2025-08-15 19:11:48.463] [debug] [pt_param] w.key() = lstm.2.lstm.bias_hh_l0
[2025-08-15 19:11:48.463] [debug] [pt_param] w.key() = lstm.3.lstm.weight_ih_l0
[2025-08-15 19:11:48.463] [debug] [pt_param] w.key() = lstm.3.lstm.weight_hh_l0
[2025-08-15 19:11:48.463] [debug] [pt_param] w.key() = lstm.3.lstm.bias_ih_l0
[2025-08-15 19:11:48.463] [debug] [pt_param] w.key() = lstm.3.lstm.bias_hh_l0
[2025-08-15 19:11:48.463] [debug] [pt_param] w.key() = linear.weight
[2025-08-15 19:11:48.463] [debug] [pt_param] w.key() = linear.bias
[2025-08-15 19:11:48.464] [debug] [create_resources] About to load model to device 0: cuda:0
[2025-08-15 19:11:48.488] [debug] [create_resources] Converting the model to half.
[2025-08-15 19:11:48.495] [debug] [create_resources] Switching model to eval mode.
[2025-08-15 19:11:48.495] [info] Loaded model to device 0: cuda:0
[2025-08-15 19:11:48.495] [info] Loaded model to device 0: cuda:0
[2025-08-15 19:11:48.495] [info] Creating 336 encoders.
[2025-08-15 19:11:48.495] [debug] Haplotag source: UNPHASED
[2025-08-15 19:11:48.505] [debug] Haplotag source: UNPHASED
[2025-08-15 19:11:48.512] [debug] Haplotag source: UNPHASED
[2025-08-15 19:11:48.520] [debug] Haplotag source: UNPHASED
[2025-08-15 19:11:48.528] [debug] Haplotag source: UNPHASED
[2025-08-15 19:11:48.535] [debug] Haplotag source: UNPHASED
[2025-08-15 19:11:48.543] [debug] Haplotag source: UNPHASED
[2025-08-15 19:11:48.551] [debug] Haplotag source: UNPHASED
[2025-08-15 19:11:48.559] [debug] Haplotag source: UNPHASED
[2025-08-15 19:11:48.567] [debug] Haplotag source: UNPHASED
[2025-08-15 19:11:48.576] [debug] Haplotag source: UNPHASED
[2025-08-15 19:11:48.584] [debug] Haplotag source: UNPHASED
[2025-08-15 19:11:48.592] [debug] Haplotag source: UNPHASED
[2025-08-15 19:11:48.600] [debug] Haplotag source: UNPHASED
[2025-08-15 19:11:48.608] [debug] Haplotag source: UNPHASED
[2025-08-15 19:11:48.616] [debug] Haplotag source: UNPHASED
[2025-08-15 19:11:48.625] [debug] Haplotag source: UNPHASED
[2025-08-15 19:11:48.633] [debug] Haplotag source: UNPHASED
[2025-08-15 19:11:48.643] [debug] Haplotag source: UNPHASED
[2025-08-15 19:11:48.651] [debug] Haplotag source: UNPHASED
[2025-08-15 19:11:48.659] [debug] Haplotag source: UNPHASED
[2025-08-15 19:11:48.667] [debug] Haplotag source: UNPHASED
[2025-08-15 19:11:48.676] [debug] Haplotag source: UNPHASED
[2025-08-15 19:11:48.684] [debug] Haplotag source: UNPHASED
[2025-08-15 19:11:48.692] [debug] Haplotag source: UNPHASED
[2025-08-15 19:11:48.700] [debug] Haplotag source: UNPHASED
[2025-08-15 19:11:48.708] [debug] Haplotag source: UNPHASED
[2025-08-15 19:11:48.716] [debug] Haplotag source: UNPHASED
[2025-08-15 19:11:48.724] [debug] Haplotag source: UNPHASED
[2025-08-15 19:11:48.733] [debug] Haplotag source: UNPHASED
[2025-08-15 19:11:48.741] [debug] Haplotag source: UNPHASED
[2025-08-15 19:11:48.749] [debug] Haplotag source: UNPHASED
[2025-08-15 19:11:48.757] [debug] Haplotag source: UNPHASED
[2025-08-15 19:11:48.765] [debug] Haplotag source: UNPHASED
[2025-08-15 19:11:48.773] [debug] Haplotag source: UNPHASED
[2025-08-15 19:11:48.781] [debug] Haplotag source: UNPHASED
[2025-08-15 19:11:48.789] [debug] Haplotag source: UNPHASED
[2025-08-15 19:11:48.797] [debug] Haplotag source: UNPHASED
[2025-08-15 19:11:48.804] [debug] Haplotag source: UNPHASED
[2025-08-15 19:11:48.812] [debug] Haplotag source: UNPHASED
[2025-08-15 19:11:48.820] [debug] Haplotag source: UNPHASED
[2025-08-15 19:11:48.828] [debug] Haplotag source: UNPHASED
[2025-08-15 19:11:48.836] [debug] Haplotag source: UNPHASED
[2025-08-15 19:11:48.844] [debug] Haplotag source: UNPHASED
[2025-08-15 19:11:48.852] [debug] Haplotag source: UNPHASED
[2025-08-15 19:11:48.860] [debug] Haplotag source: UNPHASED
[2025-08-15 19:11:48.868] [debug] Haplotag source: UNPHASED
[2025-08-15 19:11:48.876] [debug] Haplotag source: UNPHASED
[2025-08-15 19:11:48.884] [debug] Haplotag source: UNPHASED
[2025-08-15 19:11:48.892] [debug] Haplotag source: UNPHASED
[2025-08-15 19:11:48.900] [debug] Haplotag source: UNPHASED
[2025-08-15 19:11:48.908] [debug] Haplotag source: UNPHASED
[2025-08-15 19:11:48.917] [debug] Haplotag source: UNPHASED
[2025-08-15 19:11:48.925] [debug] Haplotag source: UNPHASED
[2025-08-15 19:11:48.933] [debug] Haplotag source: UNPHASED
[2025-08-15 19:11:48.941] [debug] Haplotag source: UNPHASED
[2025-08-15 19:11:48.949] [debug] Haplotag source: UNPHASED
[2025-08-15 19:11:48.957] [debug] Haplotag source: UNPHASED
[2025-08-15 19:11:48.966] [debug] Haplotag source: UNPHASED
[2025-08-15 19:11:48.975] [debug] Haplotag source: UNPHASED
[2025-08-15 19:11:48.983] [debug] Haplotag source: UNPHASED
[2025-08-15 19:11:48.994] [debug] Haplotag source: UNPHASED
[2025-08-15 19:11:49.003] [debug] Haplotag source: UNPHASED
[2025-08-15 19:11:49.011] [debug] Haplotag source: UNPHASED
[2025-08-15 19:11:49.019] [debug] Haplotag source: UNPHASED
[2025-08-15 19:11:49.027] [debug] Haplotag source: UNPHASED
[2025-08-15 19:11:49.035] [debug] Haplotag source: UNPHASED
[2025-08-15 19:11:49.043] [debug] Haplotag source: UNPHASED
[2025-08-15 19:11:49.051] [debug] Haplotag source: UNPHASED
[2025-08-15 19:11:49.059] [debug] Haplotag source: UNPHASED
[2025-08-15 19:11:49.068] [debug] Haplotag source: UNPHASED
[2025-08-15 19:11:49.075] [debug] Haplotag source: UNPHASED
[2025-08-15 19:11:49.084] [debug] Haplotag source: UNPHASED
[2025-08-15 19:11:49.092] [debug] Haplotag source: UNPHASED
[2025-08-15 19:11:49.099] [debug] Haplotag source: UNPHASED
[2025-08-15 19:11:49.108] [debug] Haplotag source: UNPHASED
[2025-08-15 19:11:49.116] [debug] Haplotag source: UNPHASED
[2025-08-15 19:11:49.124] [debug] Haplotag source: UNPHASED
[2025-08-15 19:11:49.132] [debug] Haplotag source: UNPHASED
[2025-08-15 19:11:49.140] [debug] Haplotag source: UNPHASED
[2025-08-15 19:11:49.148] [debug] Haplotag source: UNPHASED
[2025-08-15 19:11:49.156] [debug] Haplotag source: UNPHASED
[2025-08-15 19:11:49.164] [debug] Haplotag source: UNPHASED
[2025-08-15 19:11:49.172] [debug] Haplotag source: UNPHASED
[2025-08-15 19:11:49.180] [debug] Haplotag source: UNPHASED
[2025-08-15 19:11:49.188] [debug] Haplotag source: UNPHASED
[2025-08-15 19:11:49.196] [debug] Haplotag source: UNPHASED
[2025-08-15 19:11:49.203] [debug] Haplotag source: UNPHASED
[2025-08-15 19:11:49.211] [debug] Haplotag source: UNPHASED
[2025-08-15 19:11:49.219] [debug] Haplotag source: UNPHASED
[2025-08-15 19:11:49.228] [debug] Haplotag source: UNPHASED
[2025-08-15 19:11:49.236] [debug] Haplotag source: UNPHASED
[2025-08-15 19:11:49.244] [debug] Haplotag source: UNPHASED
[2025-08-15 19:11:49.252] [debug] Haplotag source: UNPHASED
[2025-08-15 19:11:49.260] [debug] Haplotag source: UNPHASED
[2025-08-15 19:11:49.268] [debug] Haplotag source: UNPHASED
[2025-08-15 19:11:49.276] [debug] Haplotag source: UNPHASED
[2025-08-15 19:11:49.284] [debug] Haplotag source: UNPHASED
[2025-08-15 19:11:49.292] [debug] Haplotag source: UNPHASED
[2025-08-15 19:11:49.301] [debug] Haplotag source: UNPHASED
[2025-08-15 19:11:49.309] [debug] Haplotag source: UNPHASED
[2025-08-15 19:11:49.317] [debug] Haplotag source: UNPHASED
[2025-08-15 19:11:49.325] [debug] Haplotag source: UNPHASED
[2025-08-15 19:11:49.333] [debug] Haplotag source: UNPHASED
[2025-08-15 19:11:49.341] [debug] Haplotag source: UNPHASED
[2025-08-15 19:11:49.349] [debug] Haplotag source: UNPHASED
[2025-08-15 19:11:49.357] [debug] Haplotag source: UNPHASED
[2025-08-15 19:11:49.366] [debug] Haplotag source: UNPHASED
[2025-08-15 19:11:49.397] [debug] Haplotag source: UNPHASED
[2025-08-15 19:11:49.406] [debug] Haplotag source: UNPHASED
[2025-08-15 19:11:49.414] [debug] Haplotag source: UNPHASED
[2025-08-15 19:11:49.422] [debug] Haplotag source: UNPHASED
[2025-08-15 19:11:49.430] [debug] Haplotag source: UNPHASED
[2025-08-15 19:11:49.438] [debug] Haplotag source: UNPHASED
[2025-08-15 19:11:49.446] [debug] Haplotag source: UNPHASED
[2025-08-15 19:11:49.454] [debug] Haplotag source: UNPHASED
[2025-08-15 19:11:49.462] [debug] Haplotag source: UNPHASED
[2025-08-15 19:11:49.470] [debug] Haplotag source: UNPHASED
[2025-08-15 19:11:49.478] [debug] Haplotag source: UNPHASED
[2025-08-15 19:11:49.487] [debug] Haplotag source: UNPHASED
[2025-08-15 19:11:49.495] [debug] Haplotag source: UNPHASED
[2025-08-15 19:11:49.503] [debug] Haplotag source: UNPHASED
[2025-08-15 19:11:49.511] [debug] Haplotag source: UNPHASED
[2025-08-15 19:11:49.519] [debug] Haplotag source: UNPHASED
[2025-08-15 19:11:49.527] [debug] Haplotag source: UNPHASED
[2025-08-15 19:11:49.536] [debug] Haplotag source: UNPHASED
[2025-08-15 19:11:49.544] [debug] Haplotag source: UNPHASED
[2025-08-15 19:11:49.552] [debug] Haplotag source: UNPHASED
[2025-08-15 19:11:49.560] [debug] Haplotag source: UNPHASED
[2025-08-15 19:11:49.568] [debug] Haplotag source: UNPHASED
[2025-08-15 19:11:49.576] [debug] Haplotag source: UNPHASED
[2025-08-15 19:11:49.584] [debug] Haplotag source: UNPHASED
[2025-08-15 19:11:49.592] [debug] Haplotag source: UNPHASED
[2025-08-15 19:11:49.600] [debug] Haplotag source: UNPHASED
[2025-08-15 19:11:49.609] [debug] Haplotag source: UNPHASED
[2025-08-15 19:11:49.617] [debug] Haplotag source: UNPHASED
[2025-08-15 19:11:49.625] [debug] Haplotag source: UNPHASED
[2025-08-15 19:11:49.633] [debug] Haplotag source: UNPHASED
[2025-08-15 19:11:49.642] [debug] Haplotag source: UNPHASED
[2025-08-15 19:11:49.650] [debug] Haplotag source: UNPHASED
[2025-08-15 19:11:49.658] [debug] Haplotag source: UNPHASED
[2025-08-15 19:11:49.666] [debug] Haplotag source: UNPHASED
[2025-08-15 19:11:49.674] [debug] Haplotag source: UNPHASED
[2025-08-15 19:11:49.682] [debug] Haplotag source: UNPHASED
[2025-08-15 19:11:49.690] [debug] Haplotag source: UNPHASED
[2025-08-15 19:11:49.698] [debug] Haplotag source: UNPHASED
[2025-08-15 19:11:49.706] [debug] Haplotag source: UNPHASED
[2025-08-15 19:11:49.715] [debug] Haplotag source: UNPHASED
[2025-08-15 19:11:49.723] [debug] Haplotag source: UNPHASED
[2025-08-15 19:11:49.731] [debug] Haplotag source: UNPHASED
[2025-08-15 19:11:49.739] [debug] Haplotag source: UNPHASED
[2025-08-15 19:11:49.747] [debug] Haplotag source: UNPHASED
[2025-08-15 19:11:49.755] [debug] Haplotag source: UNPHASED
[2025-08-15 19:11:49.763] [debug] Haplotag source: UNPHASED
[2025-08-15 19:11:49.772] [debug] Haplotag source: UNPHASED
[2025-08-15 19:11:49.780] [debug] Haplotag source: UNPHASED
[2025-08-15 19:11:49.788] [debug] Haplotag source: UNPHASED
[2025-08-15 19:11:49.796] [debug] Haplotag source: UNPHASED
[2025-08-15 19:11:49.804] [debug] Haplotag source: UNPHASED
[2025-08-15 19:11:49.812] [debug] Haplotag source: UNPHASED
[2025-08-15 19:11:49.820] [debug] Haplotag source: UNPHASED
[2025-08-15 19:11:49.828] [debug] Haplotag source: UNPHASED
[2025-08-15 19:11:49.836] [debug] Haplotag source: UNPHASED
[2025-08-15 19:11:49.844] [debug] Haplotag source: UNPHASED
[2025-08-15 19:11:49.853] [debug] Haplotag source: UNPHASED
[2025-08-15 19:11:49.861] [debug] Haplotag source: UNPHASED
[2025-08-15 19:11:49.869] [debug] Haplotag source: UNPHASED
[2025-08-15 19:11:49.877] [debug] Haplotag source: UNPHASED
[2025-08-15 19:11:49.885] [debug] Haplotag source: UNPHASED
[2025-08-15 19:11:49.893] [debug] Haplotag source: UNPHASED
[2025-08-15 19:11:49.901] [debug] Haplotag source: UNPHASED
[2025-08-15 19:11:49.909] [debug] Haplotag source: UNPHASED
[2025-08-15 19:11:49.917] [debug] Haplotag source: UNPHASED
[2025-08-15 19:11:49.926] [debug] Haplotag source: UNPHASED
[2025-08-15 19:11:49.934] [debug] Haplotag source: UNPHASED
[2025-08-15 19:11:49.942] [debug] Haplotag source: UNPHASED
[2025-08-15 19:11:49.950] [debug] Haplotag source: UNPHASED
[2025-08-15 19:11:49.959] [debug] Haplotag source: UNPHASED
[2025-08-15 19:11:49.967] [debug] Haplotag source: UNPHASED
[2025-08-15 19:11:49.976] [debug] Haplotag source: UNPHASED
[2025-08-15 19:11:49.984] [debug] Haplotag source: UNPHASED
[2025-08-15 19:11:49.992] [debug] Haplotag source: UNPHASED
[2025-08-15 19:11:50.000] [debug] Haplotag source: UNPHASED
[2025-08-15 19:11:50.009] [debug] Haplotag source: UNPHASED
[2025-08-15 19:11:50.017] [debug] Haplotag source: UNPHASED
[2025-08-15 19:11:50.025] [debug] Haplotag source: UNPHASED
[2025-08-15 19:11:50.033] [debug] Haplotag source: UNPHASED
[2025-08-15 19:11:50.041] [debug] Haplotag source: UNPHASED
[2025-08-15 19:11:50.049] [debug] Haplotag source: UNPHASED
[2025-08-15 19:11:50.057] [debug] Haplotag source: UNPHASED
[2025-08-15 19:11:50.065] [debug] Haplotag source: UNPHASED
[2025-08-15 19:11:50.073] [debug] Haplotag source: UNPHASED
[2025-08-15 19:11:50.081] [debug] Haplotag source: UNPHASED
[2025-08-15 19:11:50.089] [debug] Haplotag source: UNPHASED
[2025-08-15 19:11:50.097] [debug] Haplotag source: UNPHASED
[2025-08-15 19:11:50.106] [debug] Haplotag source: UNPHASED
[2025-08-15 19:11:50.116] [debug] Haplotag source: UNPHASED
[2025-08-15 19:11:50.124] [debug] Haplotag source: UNPHASED
[2025-08-15 19:11:50.132] [debug] Haplotag source: UNPHASED
[2025-08-15 19:11:50.140] [debug] Haplotag source: UNPHASED
[2025-08-15 19:11:50.148] [debug] Haplotag source: UNPHASED
[2025-08-15 19:11:50.156] [debug] Haplotag source: UNPHASED
[2025-08-15 19:11:50.164] [debug] Haplotag source: UNPHASED
[2025-08-15 19:11:50.172] [debug] Haplotag source: UNPHASED
[2025-08-15 19:11:50.180] [debug] Haplotag source: UNPHASED
[2025-08-15 19:11:50.189] [debug] Haplotag source: UNPHASED
[2025-08-15 19:11:50.197] [debug] Haplotag source: UNPHASED
[2025-08-15 19:11:50.205] [debug] Haplotag source: UNPHASED
[2025-08-15 19:11:50.213] [debug] Haplotag source: UNPHASED
[2025-08-15 19:11:50.221] [debug] Haplotag source: UNPHASED
[2025-08-15 19:11:50.230] [debug] Haplotag source: UNPHASED
[2025-08-15 19:11:50.238] [debug] Haplotag source: UNPHASED
[2025-08-15 19:11:50.247] [debug] Haplotag source: UNPHASED
[2025-08-15 19:11:50.255] [debug] Haplotag source: UNPHASED
[2025-08-15 19:11:50.263] [debug] Haplotag source: UNPHASED
[2025-08-15 19:11:50.271] [debug] Haplotag source: UNPHASED
[2025-08-15 19:11:50.279] [debug] Haplotag source: UNPHASED
[2025-08-15 19:11:50.287] [debug] Haplotag source: UNPHASED
[2025-08-15 19:11:50.296] [debug] Haplotag source: UNPHASED
[2025-08-15 19:11:50.304] [debug] Haplotag source: UNPHASED
[2025-08-15 19:11:50.312] [debug] Haplotag source: UNPHASED
[2025-08-15 19:11:50.320] [debug] Haplotag source: UNPHASED
[2025-08-15 19:11:50.329] [debug] Haplotag source: UNPHASED
[2025-08-15 19:11:50.337] [debug] Haplotag source: UNPHASED
[2025-08-15 19:11:50.345] [debug] Haplotag source: UNPHASED
[2025-08-15 19:11:50.353] [debug] Haplotag source: UNPHASED
[2025-08-15 19:11:50.361] [debug] Haplotag source: UNPHASED
[2025-08-15 19:11:50.370] [debug] Haplotag source: UNPHASED
[2025-08-15 19:11:50.378] [debug] Haplotag source: UNPHASED
[2025-08-15 19:11:50.386] [debug] Haplotag source: UNPHASED
[2025-08-15 19:11:50.394] [debug] Haplotag source: UNPHASED
[2025-08-15 19:11:50.402] [debug] Haplotag source: UNPHASED
[2025-08-15 19:11:50.410] [debug] Haplotag source: UNPHASED
[2025-08-15 19:11:50.418] [debug] Haplotag source: UNPHASED
[2025-08-15 19:11:50.426] [debug] Haplotag source: UNPHASED
[2025-08-15 19:11:50.435] [debug] Haplotag source: UNPHASED
[2025-08-15 19:11:50.466] [debug] Haplotag source: UNPHASED
[2025-08-15 19:11:50.475] [debug] Haplotag source: UNPHASED
[2025-08-15 19:11:50.483] [debug] Haplotag source: UNPHASED
[2025-08-15 19:11:50.491] [debug] Haplotag source: UNPHASED
[2025-08-15 19:11:50.499] [debug] Haplotag source: UNPHASED
[2025-08-15 19:11:50.507] [debug] Haplotag source: UNPHASED
[2025-08-15 19:11:50.516] [debug] Haplotag source: UNPHASED
[2025-08-15 19:11:50.524] [debug] Haplotag source: UNPHASED
[2025-08-15 19:11:50.532] [debug] Haplotag source: UNPHASED
[2025-08-15 19:11:50.540] [debug] Haplotag source: UNPHASED
[2025-08-15 19:11:50.548] [debug] Haplotag source: UNPHASED
[2025-08-15 19:11:50.557] [debug] Haplotag source: UNPHASED
[2025-08-15 19:11:50.565] [debug] Haplotag source: UNPHASED
[2025-08-15 19:11:50.573] [debug] Haplotag source: UNPHASED
[2025-08-15 19:11:50.581] [debug] Haplotag source: UNPHASED
[2025-08-15 19:11:50.589] [debug] Haplotag source: UNPHASED
[2025-08-15 19:11:50.597] [debug] Haplotag source: UNPHASED
[2025-08-15 19:11:50.605] [debug] Haplotag source: UNPHASED
[2025-08-15 19:11:50.613] [debug] Haplotag source: UNPHASED
[2025-08-15 19:11:50.621] [debug] Haplotag source: UNPHASED
[2025-08-15 19:11:50.629] [debug] Haplotag source: UNPHASED
[2025-08-15 19:11:50.637] [debug] Haplotag source: UNPHASED
[2025-08-15 19:11:50.648] [debug] Haplotag source: UNPHASED
[2025-08-15 19:11:50.656] [debug] Haplotag source: UNPHASED
[2025-08-15 19:11:50.664] [debug] Haplotag source: UNPHASED
[2025-08-15 19:11:50.672] [debug] Haplotag source: UNPHASED
[2025-08-15 19:11:50.681] [debug] Haplotag source: UNPHASED
[2025-08-15 19:11:50.689] [debug] Haplotag source: UNPHASED
[2025-08-15 19:11:50.697] [debug] Haplotag source: UNPHASED
[2025-08-15 19:11:50.705] [debug] Haplotag source: UNPHASED
[2025-08-15 19:11:50.713] [debug] Haplotag source: UNPHASED
[2025-08-15 19:11:50.721] [debug] Haplotag source: UNPHASED
[2025-08-15 19:11:50.729] [debug] Haplotag source: UNPHASED
[2025-08-15 19:11:50.738] [debug] Haplotag source: UNPHASED
[2025-08-15 19:11:50.746] [debug] Haplotag source: UNPHASED
[2025-08-15 19:11:50.754] [debug] Haplotag source: UNPHASED
[2025-08-15 19:11:50.762] [debug] Haplotag source: UNPHASED
[2025-08-15 19:11:50.770] [debug] Haplotag source: UNPHASED
[2025-08-15 19:11:50.778] [debug] Haplotag source: UNPHASED
[2025-08-15 19:11:50.786] [debug] Haplotag source: UNPHASED
[2025-08-15 19:11:50.794] [debug] Haplotag source: UNPHASED
[2025-08-15 19:11:50.802] [debug] Haplotag source: UNPHASED
[2025-08-15 19:11:50.810] [debug] Haplotag source: UNPHASED
[2025-08-15 19:11:50.817] [debug] Haplotag source: UNPHASED
[2025-08-15 19:11:50.825] [debug] Haplotag source: UNPHASED
[2025-08-15 19:11:50.833] [debug] Haplotag source: UNPHASED
[2025-08-15 19:11:50.841] [debug] Haplotag source: UNPHASED
[2025-08-15 19:11:50.849] [debug] Haplotag source: UNPHASED
[2025-08-15 19:11:50.857] [debug] Haplotag source: UNPHASED
[2025-08-15 19:11:50.865] [debug] Haplotag source: UNPHASED
[2025-08-15 19:11:50.873] [debug] Haplotag source: UNPHASED
[2025-08-15 19:11:50.881] [debug] Haplotag source: UNPHASED
[2025-08-15 19:11:50.889] [debug] Haplotag source: UNPHASED
[2025-08-15 19:11:50.898] [debug] Haplotag source: UNPHASED
[2025-08-15 19:11:50.906] [debug] Haplotag source: UNPHASED
[2025-08-15 19:11:50.914] [debug] Haplotag source: UNPHASED
[2025-08-15 19:11:50.922] [debug] Haplotag source: UNPHASED
[2025-08-15 19:11:50.930] [debug] Haplotag source: UNPHASED
[2025-08-15 19:11:50.938] [debug] Haplotag source: UNPHASED
[2025-08-15 19:11:50.946] [debug] Haplotag source: UNPHASED
[2025-08-15 19:11:50.954] [debug] Haplotag source: UNPHASED
[2025-08-15 19:11:50.963] [debug] Haplotag source: UNPHASED
[2025-08-15 19:11:50.971] [debug] Haplotag source: UNPHASED
[2025-08-15 19:11:50.980] [debug] Haplotag source: UNPHASED
[2025-08-15 19:11:50.988] [debug] Haplotag source: UNPHASED
[2025-08-15 19:11:50.997] [debug] Haplotag source: UNPHASED
[2025-08-15 19:11:51.005] [debug] Haplotag source: UNPHASED
[2025-08-15 19:11:51.013] [debug] Haplotag source: UNPHASED
[2025-08-15 19:11:51.021] [debug] Haplotag source: UNPHASED
[2025-08-15 19:11:51.029] [debug] Haplotag source: UNPHASED
[2025-08-15 19:11:51.037] [debug] Haplotag source: UNPHASED
[2025-08-15 19:11:51.046] [debug] Haplotag source: UNPHASED
[2025-08-15 19:11:51.054] [debug] Haplotag source: UNPHASED
[2025-08-15 19:11:51.062] [debug] Haplotag source: UNPHASED
[2025-08-15 19:11:51.070] [debug] Haplotag source: UNPHASED
[2025-08-15 19:11:51.078] [debug] Haplotag source: UNPHASED
[2025-08-15 19:11:51.086] [debug] Haplotag source: UNPHASED
[2025-08-15 19:11:51.094] [debug] Haplotag source: UNPHASED
[2025-08-15 19:11:51.102] [debug] Haplotag source: UNPHASED
[2025-08-15 19:11:51.111] [debug] Haplotag source: UNPHASED
[2025-08-15 19:11:51.120] [debug] Haplotag source: UNPHASED
[2025-08-15 19:11:51.128] [debug] Haplotag source: UNPHASED
[2025-08-15 19:11:51.136] [debug] Haplotag source: UNPHASED
[2025-08-15 19:11:51.144] [debug] Haplotag source: UNPHASED
[2025-08-15 19:11:51.152] [debug] Haplotag source: UNPHASED
[2025-08-15 19:11:51.160] [debug] Haplotag source: UNPHASED
[2025-08-15 19:11:51.168] [debug] Haplotag source: UNPHASED
[2025-08-15 19:11:51.177] [debug] Haplotag source: UNPHASED
[2025-08-15 19:11:51.185] [debug] Haplotag source: UNPHASED
[2025-08-15 19:11:51.193] [debug] Haplotag source: UNPHASED
[2025-08-15 19:11:51.201] [debug] Haplotag source: UNPHASED
[2025-08-15 19:11:51.209] [debug] Haplotag source: UNPHASED
[2025-08-15 19:11:51.217] [debug] Haplotag source: UNPHASED
[2025-08-15 19:11:51.226] [debug] Haplotag source: UNPHASED
[2025-08-15 19:11:51.234] [debug] Haplotag source: UNPHASED
[2025-08-15 19:11:51.242] [debug] Haplotag source: UNPHASED
[2025-08-15 19:11:51.250] [debug] Haplotag source: UNPHASED
[2025-08-15 19:11:51.258] [debug] Haplotag source: UNPHASED
[2025-08-15 19:11:51.266] [debug] Haplotag source: UNPHASED
[2025-08-15 19:11:51.275] [debug] Haplotag source: UNPHASED
[2025-08-15 19:11:51.283] [info] Creating the decoder.
[2025-08-15 19:11:51.283] [info] Threads: 336, inference threads: 2, number of devices: 1
[2025-08-15 19:11:51.284] [debug] Looking for idx /nesi/nobackup/brins03581/rootstock_2025/dgenies/purged_dup_filtered_dgenies/1103P_simplex_hap1_purged_dgenies.fa.fai
[2025-08-15 19:11:51.284] [debug] [run_polishing] Loading draft sequence lengths.
[2025-08-15 19:11:51.343] [debug] [run_polishing] =============================
[2025-08-15 19:11:51.343] [debug] [run_polishing] Processing batch interval of drafts: [0, 1)
[2025-08-15 19:11:51.343] [debug] [run_polishing] region_batch i = 0: h1tg000001l_1:200000-300000
[2025-08-15 19:11:51.343] [debug] Creating BAM windows.
[2025-08-15 19:11:51.343] [debug] Creating windows for region: 'h1tg000001l_1:200000-300000'.
[2025-08-15 19:11:51.343] [debug] Generated 1 windows for region: 'h1tg000001l_1:200000-300000'.
[2025-08-15 19:11:51.343] [debug] [run_polishing] Starting to produce consensus for regions: 0-1/39 (number: 1, total length: 0.10 Mbp)
[2025-08-15 19:11:51.344] [debug] [producer] Input: 1 BAM windows.
[2025-08-15 19:11:51.344] [debug] Starting to encode regions for 2 windows using 2 threads.
[2025-08-15 19:11:51.898] [debug] [infer_samples_in_parallel] Finished running inference.
[2025-08-15 19:11:51.898] [debug] [decode_samples_in_parallel] Finished decoding the output.
[2025-08-15 19:11:52.558] [error] (merge-samples) Caught exception in merge_and_split_bam_regions: 'index 86 is out of bounds for dimension 1 with size 86
Exception raised from applySelect at /builds/machine-learning/torch-builds/pytorch/aten/src/ATen/TensorIndexing.h:257 (most recent call first):
frame #0: c10::Error::Error(c10::SourceLocation, std::__cxx11::basic_string<char, std::char_traits<char>, std::allocator<char> >) + 0xb0 (0x153790281390 in /opt/nesi/zen3/Dorado/1.0.2/lib/libdorado_torch_lib.so)
frame #1: <unknown function> + 0x21fc089 (0x1537871b4089 in /opt/nesi/zen3/Dorado/1.0.2/lib/libdorado_torch_lib.so)
frame #2: <unknown function> + 0x21fda9a (0x1537871b5a9a in /opt/nesi/zen3/Dorado/1.0.2/lib/libdorado_torch_lib.so)
frame #3: <unknown function> + 0x21ff8dc (0x1537871b78dc in /opt/nesi/zen3/Dorado/1.0.2/lib/libdorado_torch_lib.so)
frame #4: at::Tensor::index_put_(c10::ArrayRef<at::indexing::TensorIndex>, at::Tensor const&) + 0xb0 (0x1537871b0ca0 in /opt/nesi/zen3/Dorado/1.0.2/lib/libdorado_torch_lib.so)
frame #5: dorado() [0x10f36cc]
frame #6: dorado() [0x10f57f6]
frame #7: dorado() [0x10f7009]
frame #8: dorado() [0x10f7377]
frame #9: dorado() [0xf01ee1]
frame #10: dorado() [0xf03142]
frame #11: dorado() [0xd9db1b]
frame #12: <unknown function> + 0x8ee18 (0x153784a8ee18 in /lib64/libc.so.6)
frame #13: dorado() [0xef8531]
frame #14: dorado() [0xda4a9b]
frame #15: <unknown function> + 0xdcb93 (0x153784e35b93 in /opt/nesi/CS400_centos7_bdw/GCCcore/12.3.0/lib64/libstdc++.so.6)
frame #16: <unknown function> + 0x89c02 (0x153784a89c02 in /lib64/libc.so.6)
frame #17: <unknown function> + 0x10ec40 (0x153784b0ec40 in /lib64/libc.so.6)
'
